<?xml version="1.0" encoding="UTF-8"?>
<coverage generated="1664086716915" clover="3.2.0">
  <project timestamp="1664086716915" name="All files">
    <metrics statements="59" coveredstatements="46" conditionals="14" coveredconditionals="6" methods="24" coveredmethods="17" elements="97" coveredelements="69" complexity="0" loc="59" ncloc="59" packages="4" files="6" classes="6"/>
    <package name="api">
      <metrics statements="8" coveredstatements="5" conditionals="0" coveredconditionals="0" methods="1" coveredmethods="1"/>
      <file name="Auth.tsx" path="C:\Users\auslo\Documents\GitHub\EIP\Front-web\paperwork-front-web\src\api\Auth.tsx">
        <metrics statements="8" coveredstatements="5" conditionals="0" coveredconditionals="0" methods="1" coveredmethods="1"/>
        <line num="3" count="1" type="stmt"/>
        <line num="5" count="1" type="stmt"/>
        <line num="6" count="1" type="stmt"/>
        <line num="10" count="1" type="stmt"/>
        <line num="11" count="1" type="stmt"/>
        <line num="12" count="0" type="stmt"/>
        <line num="13" count="0" type="stmt"/>
        <line num="15" count="0" type="stmt"/>
      </file>
    </package>
    <package name="container.Login">
      <metrics statements="14" coveredstatements="11" conditionals="4" coveredconditionals="1" methods="5" coveredmethods="5"/>
      <file name="LoginContent.tsx" path="C:\Users\auslo\Documents\GitHub\EIP\Front-web\paperwork-front-web\src\container\Login\LoginContent.tsx">
        <metrics statements="14" coveredstatements="11" conditionals="4" coveredconditionals="1" methods="5" coveredmethods="5"/>
        <line num="23" count="1" type="stmt"/>
        <line num="24" count="41" type="stmt"/>
        <line num="25" count="41" type="stmt"/>
        <line num="26" count="41" type="stmt"/>
        <line num="29" count="41" type="stmt"/>
        <line num="30" count="1" type="stmt"/>
        <line num="31" count="1" type="stmt"/>
        <line num="32" count="0" type="cond" truecount="0" falsecount="2"/>
        <line num="33" count="0" type="stmt"/>
        <line num="35" count="0" type="stmt"/>
        <line num="55" count="41" type="stmt"/>
        <line num="74" count="14" type="stmt"/>
        <line num="83" count="13" type="stmt"/>
        <line num="91" count="1" type="stmt"/>
      </file>
    </package>
    <package name="container.Profile">
      <metrics statements="19" coveredstatements="16" conditionals="8" coveredconditionals="4" methods="10" coveredmethods="5"/>
      <file name="AccountModifications.tsx" path="C:\Users\auslo\Documents\GitHub\EIP\Front-web\paperwork-front-web\src\container\Profile\AccountModifications.tsx">
        <metrics statements="16" coveredstatements="13" conditionals="8" coveredconditionals="4" methods="8" coveredmethods="3"/>
        <line num="5" count="1" type="stmt"/>
        <line num="6" count="95" type="stmt"/>
        <line num="7" count="95" type="stmt"/>
        <line num="8" count="95" type="stmt"/>
        <line num="9" count="95" type="stmt"/>
        <line num="10" count="95" type="stmt"/>
        <line num="11" count="95" type="stmt"/>
        <line num="12" count="95" type="stmt"/>
        <line num="13" count="95" type="stmt"/>
        <line num="14" count="95" type="stmt"/>
        <line num="16" count="95" type="stmt"/>
        <line num="25" count="0" type="stmt"/>
        <line num="45" count="0" type="stmt"/>
        <line num="68" count="0" type="stmt"/>
        <line num="91" count="39" type="stmt"/>
        <line num="117" count="44" type="stmt"/>
      </file>
      <file name="CalendarButton.tsx" path="C:\Users\auslo\Documents\GitHub\EIP\Front-web\paperwork-front-web\src\container\Profile\CalendarButton.tsx">
        <metrics statements="1" coveredstatements="1" conditionals="0" coveredconditionals="0" methods="1" coveredmethods="1"/>
        <line num="7" count="2" type="stmt"/>
      </file>
      <file name="ProcessBar.tsx" path="C:\Users\auslo\Documents\GitHub\EIP\Front-web\paperwork-front-web\src\container\Profile\ProcessBar.tsx">
        <metrics statements="2" coveredstatements="2" conditionals="0" coveredconditionals="0" methods="1" coveredmethods="1"/>
        <line num="4" count="1" type="stmt"/>
        <line num="6" count="1" type="stmt"/>
      </file>
    </package>
    <package name="container.Register">
      <metrics statements="18" coveredstatements="14" conditionals="2" coveredconditionals="1" methods="8" coveredmethods="6"/>
      <file name="Register.tsx" path="C:\Users\auslo\Documents\GitHub\EIP\Front-web\paperwork-front-web\src\container\Register\Register.tsx">
        <metrics statements="18" coveredstatements="14" conditionals="2" coveredconditionals="1" methods="8" coveredmethods="6"/>
        <line num="19" count="1" type="stmt"/>
        <line num="20" count="136" type="stmt"/>
        <line num="21" count="136" type="stmt"/>
        <line num="22" count="136" type="stmt"/>
        <line num="23" count="136" type="stmt"/>
        <line num="24" count="136" type="stmt"/>
        <line num="25" count="136" type="stmt"/>
        <line num="26" count="1" type="cond" truecount="1" falsecount="1"/>
        <line num="27" count="0" type="stmt"/>
        <line num="28" count="0" type="stmt"/>
        <line num="30" count="1" type="stmt"/>
        <line num="35" count="0" type="stmt"/>
        <line num="37" count="0" type="stmt"/>
        <line num="40" count="136" type="stmt"/>
        <line num="54" count="19" type="stmt"/>
        <line num="63" count="14" type="stmt"/>
        <line num="72" count="39" type="stmt"/>
        <line num="81" count="44" type="stmt"/>
      </file>
    </package>
  </project>
</coverage>
