{"C:\\Users\\auslo\\Documents\\GitHub\\EIP\\Front-web\\paperwork-front-web\\src\\api\\Auth.tsx": {"path":"C:\\Users\\auslo\\Documents\\GitHub\\EIP\\Front-web\\paperwork-front-web\\src\\api\\Auth.tsx","statementMap":{"0":{"start":{"line":3,"column":12},"end":{"line":3,"column":35}},"1":{"start":{"line":5,"column":22},"end":{"line":17,"column":1}},"2":{"start":{"line":6,"column":20},"end":{"line":9,"column":5}},"3":{"start":{"line":10,"column":4},"end":{"line":16,"column":5}},"4":{"start":{"line":11,"column":20},"end":{"line":11,"column":66}},"5":{"start":{"line":12,"column":18},"end":{"line":12,"column":26}},"6":{"start":{"line":13,"column":8},"end":{"line":13,"column":17}},"7":{"start":{"line":15,"column":8},"end":{"line":15,"column":19}}},"fnMap":{"0":{"name":"(anonymous_0)","decl":{"start":{"line":5,"column":22},"end":{"line":5,"column":23}},"loc":{"start":{"line":5,"column":59},"end":{"line":17,"column":1}},"line":5}},"branchMap":{},"s":{"0":1,"1":1,"2":1,"3":1,"4":1,"5":0,"6":0,"7":0},"f":{"0":1},"b":{},"_coverageSchema":"1a1c01bbd47fc00a2c39e90264f33305004495a9","hash":"cfa0408b11b9c7f91e73d045b1ca46828d126f01"}
,"C:\\Users\\auslo\\Documents\\GitHub\\EIP\\Front-web\\paperwork-front-web\\src\\container\\Login\\LoginContent.tsx": {"path":"C:\\Users\\auslo\\Documents\\GitHub\\EIP\\Front-web\\paperwork-front-web\\src\\container\\Login\\LoginContent.tsx","statementMap":{"0":{"start":{"line":23,"column":21},"end":{"line":140,"column":1}},"1":{"start":{"line":24,"column":43},"end":{"line":24,"column":55}},"2":{"start":{"line":25,"column":36},"end":{"line":25,"column":48}},"3":{"start":{"line":26,"column":43},"end":{"line":26,"column":57}},"4":{"start":{"line":29,"column":25},"end":{"line":52,"column":5}},"5":{"start":{"line":30,"column":8},"end":{"line":30,"column":31}},"6":{"start":{"line":31,"column":18},"end":{"line":31,"column":53}},"7":{"start":{"line":32,"column":8},"end":{"line":36,"column":9}},"8":{"start":{"line":33,"column":12},"end":{"line":33,"column":44}},"9":{"start":{"line":35,"column":12},"end":{"line":35,"column":29}},"10":{"start":{"line":55,"column":4},"end":{"line":139,"column":6}},"11":{"start":{"line":74,"column":54},"end":{"line":74,"column":83}},"12":{"start":{"line":83,"column":54},"end":{"line":83,"column":79}},"13":{"start":{"line":91,"column":32},"end":{"line":91,"column":47}}},"fnMap":{"0":{"name":"(anonymous_0)","decl":{"start":{"line":23,"column":21},"end":{"line":23,"column":22}},"loc":{"start":{"line":23,"column":27},"end":{"line":140,"column":1}},"line":23},"1":{"name":"(anonymous_1)","decl":{"start":{"line":29,"column":25},"end":{"line":29,"column":26}},"loc":{"start":{"line":29,"column":47},"end":{"line":52,"column":5}},"line":29},"2":{"name":"(anonymous_2)","decl":{"start":{"line":74,"column":38},"end":{"line":74,"column":39}},"loc":{"start":{"line":74,"column":54},"end":{"line":74,"column":83}},"line":74},"3":{"name":"(anonymous_3)","decl":{"start":{"line":83,"column":38},"end":{"line":83,"column":39}},"loc":{"start":{"line":83,"column":54},"end":{"line":83,"column":79}},"line":83},"4":{"name":"(anonymous_4)","decl":{"start":{"line":90,"column":37},"end":{"line":90,"column":38}},"loc":{"start":{"line":90,"column":44},"end":{"line":92,"column":29}},"line":90}},"branchMap":{"0":{"loc":{"start":{"line":32,"column":8},"end":{"line":36,"column":9}},"type":"if","locations":[{"start":{"line":32,"column":8},"end":{"line":36,"column":9}},{"start":{"line":34,"column":15},"end":{"line":36,"column":9}}],"line":32},"1":{"loc":{"start":{"line":60,"column":25},"end":{"line":60,"column":75}},"type":"cond-expr","locations":[{"start":{"line":60,"column":49},"end":{"line":60,"column":61}},{"start":{"line":60,"column":64},"end":{"line":60,"column":75}}],"line":60}},"s":{"0":1,"1":41,"2":41,"3":41,"4":41,"5":1,"6":1,"7":0,"8":0,"9":0,"10":41,"11":14,"12":13,"13":1},"f":{"0":41,"1":1,"2":14,"3":13,"4":1},"b":{"0":[0,0],"1":[0,41]},"_coverageSchema":"1a1c01bbd47fc00a2c39e90264f33305004495a9","hash":"61e89a7db40e28ffebed9911879ad4351baf8c69"}
,"C:\\Users\\auslo\\Documents\\GitHub\\EIP\\Front-web\\paperwork-front-web\\src\\container\\Profile\\AccountModifications.tsx": {"path":"C:\\Users\\auslo\\Documents\\GitHub\\EIP\\Front-web\\paperwork-front-web\\src\\container\\Profile\\AccountModifications.tsx","statementMap":{"0":{"start":{"line":5,"column":29},"end":{"line":130,"column":1}},"1":{"start":{"line":6,"column":40},"end":{"line":6,"column":61}},"2":{"start":{"line":7,"column":30},"end":{"line":7,"column":62}},"3":{"start":{"line":7,"column":36},"end":{"line":7,"column":62}},"4":{"start":{"line":8,"column":50},"end":{"line":8,"column":71}},"5":{"start":{"line":9,"column":35},"end":{"line":9,"column":77}},"6":{"start":{"line":9,"column":41},"end":{"line":9,"column":77}},"7":{"start":{"line":10,"column":36},"end":{"line":10,"column":48}},"8":{"start":{"line":11,"column":43},"end":{"line":11,"column":55}},"9":{"start":{"line":12,"column":36},"end":{"line":12,"column":48}},"10":{"start":{"line":13,"column":46},"end":{"line":13,"column":58}},"11":{"start":{"line":14,"column":28},"end":{"line":14,"column":40}},"12":{"start":{"line":16,"column":4},"end":{"line":129,"column":6}},"13":{"start":{"line":25,"column":46},"end":{"line":25,"column":67}},"14":{"start":{"line":45,"column":62},"end":{"line":45,"column":87}},"15":{"start":{"line":68,"column":62},"end":{"line":68,"column":91}},"16":{"start":{"line":91,"column":62},"end":{"line":91,"column":87}},"17":{"start":{"line":117,"column":62},"end":{"line":117,"column":92}}},"fnMap":{"0":{"name":"(anonymous_0)","decl":{"start":{"line":5,"column":29},"end":{"line":5,"column":30}},"loc":{"start":{"line":5,"column":35},"end":{"line":130,"column":1}},"line":5},"1":{"name":"(anonymous_1)","decl":{"start":{"line":7,"column":30},"end":{"line":7,"column":31}},"loc":{"start":{"line":7,"column":36},"end":{"line":7,"column":62}},"line":7},"2":{"name":"(anonymous_2)","decl":{"start":{"line":9,"column":35},"end":{"line":9,"column":36}},"loc":{"start":{"line":9,"column":41},"end":{"line":9,"column":77}},"line":9},"3":{"name":"(anonymous_3)","decl":{"start":{"line":25,"column":30},"end":{"line":25,"column":31}},"loc":{"start":{"line":25,"column":46},"end":{"line":25,"column":67}},"line":25},"4":{"name":"(anonymous_4)","decl":{"start":{"line":45,"column":46},"end":{"line":45,"column":47}},"loc":{"start":{"line":45,"column":62},"end":{"line":45,"column":87}},"line":45},"5":{"name":"(anonymous_5)","decl":{"start":{"line":68,"column":46},"end":{"line":68,"column":47}},"loc":{"start":{"line":68,"column":62},"end":{"line":68,"column":91}},"line":68},"6":{"name":"(anonymous_6)","decl":{"start":{"line":91,"column":46},"end":{"line":91,"column":47}},"loc":{"start":{"line":91,"column":62},"end":{"line":91,"column":87}},"line":91},"7":{"name":"(anonymous_7)","decl":{"start":{"line":117,"column":46},"end":{"line":117,"column":47}},"loc":{"start":{"line":117,"column":62},"end":{"line":117,"column":92}},"line":117}},"branchMap":{"0":{"loc":{"start":{"line":86,"column":42},"end":{"line":86,"column":74}},"type":"cond-expr","locations":[{"start":{"line":86,"column":55},"end":{"line":86,"column":61}},{"start":{"line":86,"column":64},"end":{"line":86,"column":74}}],"line":86},"1":{"loc":{"start":{"line":94,"column":41},"end":{"line":94,"column":174}},"type":"cond-expr","locations":[{"start":{"line":94,"column":54},"end":{"line":94,"column":108}},{"start":{"line":94,"column":111},"end":{"line":94,"column":174}}],"line":94},"2":{"loc":{"start":{"line":112,"column":42},"end":{"line":112,"column":79}},"type":"cond-expr","locations":[{"start":{"line":112,"column":60},"end":{"line":112,"column":66}},{"start":{"line":112,"column":69},"end":{"line":112,"column":79}}],"line":112},"3":{"loc":{"start":{"line":120,"column":41},"end":{"line":120,"column":179}},"type":"cond-expr","locations":[{"start":{"line":120,"column":59},"end":{"line":120,"column":113}},{"start":{"line":120,"column":116},"end":{"line":120,"column":179}}],"line":120}},"s":{"0":1,"1":95,"2":95,"3":0,"4":95,"5":95,"6":0,"7":95,"8":95,"9":95,"10":95,"11":95,"12":95,"13":0,"14":0,"15":0,"16":39,"17":44},"f":{"0":95,"1":0,"2":0,"3":0,"4":0,"5":0,"6":39,"7":44},"b":{"0":[0,95],"1":[0,95],"2":[0,95],"3":[0,95]},"_coverageSchema":"1a1c01bbd47fc00a2c39e90264f33305004495a9","hash":"d6295b586de48e5607667b39aaecc6cdd09223b6"}
,"C:\\Users\\auslo\\Documents\\GitHub\\EIP\\Front-web\\paperwork-front-web\\src\\container\\Profile\\CalendarButton.tsx": {"path":"C:\\Users\\auslo\\Documents\\GitHub\\EIP\\Front-web\\paperwork-front-web\\src\\container\\Profile\\CalendarButton.tsx","statementMap":{"0":{"start":{"line":7,"column":4},"end":{"line":30,"column":6}}},"fnMap":{"0":{"name":"CalendarButton","decl":{"start":{"line":6,"column":9},"end":{"line":6,"column":23}},"loc":{"start":{"line":6,"column":26},"end":{"line":31,"column":1}},"line":6}},"branchMap":{},"s":{"0":2},"f":{"0":2},"b":{},"_coverageSchema":"1a1c01bbd47fc00a2c39e90264f33305004495a9","hash":"fca1e49ccf946b5ab776b29a2a621a9d7c6f5cf7"}
,"C:\\Users\\auslo\\Documents\\GitHub\\EIP\\Front-web\\paperwork-front-web\\src\\container\\Profile\\ProcessBar.tsx": {"path":"C:\\Users\\auslo\\Documents\\GitHub\\EIP\\Front-web\\paperwork-front-web\\src\\container\\Profile\\ProcessBar.tsx","statementMap":{"0":{"start":{"line":4,"column":19},"end":{"line":38,"column":1}},"1":{"start":{"line":6,"column":4},"end":{"line":37,"column":6}}},"fnMap":{"0":{"name":"(anonymous_0)","decl":{"start":{"line":4,"column":19},"end":{"line":4,"column":20}},"loc":{"start":{"line":4,"column":25},"end":{"line":38,"column":1}},"line":4}},"branchMap":{},"s":{"0":1,"1":1},"f":{"0":1},"b":{},"_coverageSchema":"1a1c01bbd47fc00a2c39e90264f33305004495a9","hash":"c6b3520b2102b2851895814b7c4efcec2631248d"}
,"C:\\Users\\auslo\\Documents\\GitHub\\EIP\\Front-web\\paperwork-front-web\\src\\container\\Register\\Register.tsx": {"path":"C:\\Users\\auslo\\Documents\\GitHub\\EIP\\Front-web\\paperwork-front-web\\src\\container\\Register\\Register.tsx","statementMap":{"0":{"start":{"line":19,"column":17},"end":{"line":119,"column":1}},"1":{"start":{"line":20,"column":14},"end":{"line":20,"column":37}},"2":{"start":{"line":21,"column":34},"end":{"line":21,"column":46}},"3":{"start":{"line":22,"column":41},"end":{"line":22,"column":53}},"4":{"start":{"line":23,"column":34},"end":{"line":23,"column":46}},"5":{"start":{"line":24,"column":48},"end":{"line":24,"column":60}},"6":{"start":{"line":25,"column":21},"end":{"line":39,"column":3}},"7":{"start":{"line":26,"column":4},"end":{"line":29,"column":5}},"8":{"start":{"line":27,"column":6},"end":{"line":27,"column":55}},"9":{"start":{"line":28,"column":6},"end":{"line":28,"column":12}},"10":{"start":{"line":30,"column":4},"end":{"line":38,"column":6}},"11":{"start":{"line":35,"column":6},"end":{"line":35,"column":38}},"12":{"start":{"line":37,"column":6},"end":{"line":37,"column":41}},"13":{"start":{"line":40,"column":2},"end":{"line":118,"column":6}},"14":{"start":{"line":54,"column":44},"end":{"line":54,"column":69}},"15":{"start":{"line":63,"column":44},"end":{"line":63,"column":73}},"16":{"start":{"line":72,"column":44},"end":{"line":72,"column":69}},"17":{"start":{"line":81,"column":44},"end":{"line":81,"column":76}}},"fnMap":{"0":{"name":"(anonymous_0)","decl":{"start":{"line":19,"column":17},"end":{"line":19,"column":18}},"loc":{"start":{"line":19,"column":23},"end":{"line":119,"column":1}},"line":19},"1":{"name":"(anonymous_1)","decl":{"start":{"line":25,"column":21},"end":{"line":25,"column":22}},"loc":{"start":{"line":25,"column":27},"end":{"line":39,"column":3}},"line":25},"2":{"name":"(anonymous_2)","decl":{"start":{"line":34,"column":12},"end":{"line":34,"column":13}},"loc":{"start":{"line":34,"column":24},"end":{"line":36,"column":5}},"line":34},"3":{"name":"(anonymous_3)","decl":{"start":{"line":36,"column":13},"end":{"line":36,"column":14}},"loc":{"start":{"line":36,"column":20},"end":{"line":38,"column":5}},"line":36},"4":{"name":"(anonymous_4)","decl":{"start":{"line":54,"column":28},"end":{"line":54,"column":29}},"loc":{"start":{"line":54,"column":44},"end":{"line":54,"column":69}},"line":54},"5":{"name":"(anonymous_5)","decl":{"start":{"line":63,"column":28},"end":{"line":63,"column":29}},"loc":{"start":{"line":63,"column":44},"end":{"line":63,"column":73}},"line":63},"6":{"name":"(anonymous_6)","decl":{"start":{"line":72,"column":28},"end":{"line":72,"column":29}},"loc":{"start":{"line":72,"column":44},"end":{"line":72,"column":69}},"line":72},"7":{"name":"(anonymous_7)","decl":{"start":{"line":81,"column":28},"end":{"line":81,"column":29}},"loc":{"start":{"line":81,"column":44},"end":{"line":81,"column":76}},"line":81}},"branchMap":{"0":{"loc":{"start":{"line":26,"column":4},"end":{"line":29,"column":5}},"type":"if","locations":[{"start":{"line":26,"column":4},"end":{"line":29,"column":5}},{"start":{},"end":{}}],"line":26}},"s":{"0":1,"1":136,"2":136,"3":136,"4":136,"5":136,"6":136,"7":1,"8":0,"9":0,"10":1,"11":0,"12":0,"13":136,"14":19,"15":14,"16":39,"17":44},"f":{"0":136,"1":1,"2":0,"3":0,"4":19,"5":14,"6":39,"7":44},"b":{"0":[0,1]},"_coverageSchema":"1a1c01bbd47fc00a2c39e90264f33305004495a9","hash":"b28b22b3037a79e558388e094e85a08306debf79"}
}
