TN:
SF:src\App.tsx
FN:32,(anonymous_0)
FNF:1
FNH:1
FNDA:1,(anonymous_0)
DA:32,1
DA:33,1
LF:2
LH:2
BRF:0
BRH:0
end_of_record
TN:
SF:src\components\ChangeLanguage.tsx
FN:6,ChangeLanguage
FN:9,changeLanguageHandler
FN:15,(anonymous_2)
FNF:3
FNH:3
FNDA:13,ChangeLanguage
FNDA:1,changeLanguageHandler
FNDA:1,(anonymous_2)
DA:7,13
DA:10,1
DA:13,13
DA:15,1
LF:4
LH:4
BRF:0
BRH:0
end_of_record
TN:
SF:src\components\Footer.tsx
FN:7,FooterNoConnected
FNF:1
FNH:1
FNDA:53,FooterNoConnected
DA:8,53
DA:10,53
LF:2
LH:2
BRF:0
BRH:0
end_of_record
TN:
SF:src\components\Header.tsx
FN:12,Header
FN:25,checkAvatar
FN:30,handleClickOutside
FN:36,openModal
FN:41,logout
FN:48,getData
FN:56,(anonymous_6)
FN:62,(anonymous_7)
FN:69,(anonymous_8)
FN:74,(anonymous_9)
FNF:10
FNH:10
FNDA:18,Header
FNDA:15,checkAvatar
FNDA:2,handleClickOutside
FNDA:6,openModal
FNDA:1,logout
FNDA:17,getData
FNDA:15,(anonymous_6)
FNDA:1,(anonymous_7)
FNDA:17,(anonymous_8)
FNDA:17,(anonymous_9)
DA:13,18
DA:14,18
DA:15,18
DA:17,18
DA:18,17
DA:19,17
DA:20,17
DA:21,17
DA:22,17
DA:23,17
DA:26,15
DA:27,15
DA:31,2
DA:32,0
DA:37,6
DA:38,6
DA:42,1
DA:43,1
DA:44,1
DA:49,17
DA:50,1
DA:53,16
DA:57,15
DA:58,15
DA:59,15
DA:60,15
DA:63,1
DA:69,17
DA:70,17
DA:71,17
DA:72,6
DA:74,17
DA:75,17
DA:79,17
LF:34
LH:33
BRDA:26,0,0,15
BRDA:26,0,1,0
BRDA:31,1,0,0
BRDA:31,1,1,2
BRDA:43,2,0,1
BRDA:43,2,1,0
BRDA:49,3,0,1
BRDA:49,3,1,16
BRDA:71,4,0,6
BRDA:71,4,1,11
BRDA:80,5,0,0
BRDA:80,5,1,17
BRDA:89,6,0,0
BRDA:89,6,1,17
BRDA:92,7,0,0
BRDA:92,7,1,17
BRDA:93,8,0,0
BRDA:93,8,1,17
BRDA:99,9,0,17
BRDA:99,9,1,6
BRDA:101,10,0,0
BRDA:101,10,1,6
BRF:22
BRH:14
end_of_record
TN:
SF:src\components\ListEventCalendar.tsx
FN:18,CircleIcon
FN:29,ListEventCalendar
FN:67,(anonymous_2)
FNF:3
FNH:3
FNDA:3,CircleIcon
FNDA:9,ListEventCalendar
FNDA:3,(anonymous_2)
DA:19,3
DA:30,9
DA:31,9
DA:32,9
DA:33,9
DA:34,9
DA:35,9
DA:36,9
DA:37,9
DA:39,9
DA:40,9
DA:42,9
DA:68,3
DA:69,3
DA:71,3
DA:72,3
DA:74,3
DA:75,0
DA:76,3
DA:77,0
DA:79,3
DA:82,3
LF:22
LH:20
BRDA:32,0,0,9
BRDA:32,0,1,0
BRDA:35,1,0,3
BRDA:35,1,1,6
BRDA:45,2,0,1
BRDA:45,2,1,8
BRDA:74,3,0,0
BRDA:74,3,1,3
BRDA:76,4,0,0
BRDA:76,4,1,3
BRDA:83,5,0,0
BRDA:83,5,1,3
BRDA:114,6,0,6
BRDA:114,6,1,3
BRF:14
BRH:10
end_of_record
TN:
SF:src\components\Loading.tsx
FN:5,Loading
FNF:1
FNH:1
FNDA:99,Loading
DA:6,99
LF:1
LH:1
BRF:0
BRH:0
end_of_record
TN:
SF:src\components\Navbar.tsx
FN:9,Navbar
FN:13,(anonymous_1)
FN:14,(anonymous_2)
FN:21,(anonymous_3)
FN:21,(anonymous_4)
FNF:5
FNH:4
FNDA:11,Navbar
FNDA:11,(anonymous_1)
FNDA:5,(anonymous_2)
FNDA:11,(anonymous_3)
FNDA:0,(anonymous_4)
DA:10,11
DA:11,11
DA:13,11
DA:14,11
DA:15,5
DA:16,3
DA:18,2
DA:21,11
DA:24,11
LF:9
LH:9
BRDA:15,0,0,3
BRDA:15,0,1,2
BRF:2
BRH:2
end_of_record
TN:
SF:src\container\Profile\CalendarButton.tsx
FN:6,CalendarButton
FNF:1
FNH:1
FNDA:3,CalendarButton
DA:7,3
LF:1
LH:1
BRF:0
BRH:0
end_of_record
TN:
SF:src\container\Profile\ProcessBar.tsx
FN:8,(anonymous_0)
FN:17,(anonymous_1)
FN:19,(anonymous_2)
FN:23,(anonymous_3)
FN:39,(anonymous_4)
FNF:5
FNH:5
FNDA:3,(anonymous_0)
FNDA:2,(anonymous_1)
FNDA:1,(anonymous_2)
FNDA:1,(anonymous_3)
FNDA:2,(anonymous_4)
DA:8,1
DA:10,3
DA:12,3
DA:17,2
DA:18,2
DA:20,1
DA:21,1
DA:22,1
DA:24,1
DA:25,1
DA:29,2
DA:40,2
LF:12
LH:12
BRDA:41,0,0,0
BRDA:41,0,1,2
BRF:2
BRH:1
end_of_record
TN:
SF:src\pages\AboutUs.tsx
FN:17,AboutUsPage
FN:25,submitForm
FN:34,(anonymous_2)
FN:37,(anonymous_3)
FN:220,(anonymous_4)
FN:223,(anonymous_5)
FN:226,(anonymous_6)
FNF:7
FNH:7
FNDA:9,AboutUsPage
FNDA:2,submitForm
FNDA:1,(anonymous_2)
FNDA:1,(anonymous_3)
FNDA:2,(anonymous_4)
FNDA:2,(anonymous_5)
FNDA:2,(anonymous_6)
DA:18,9
DA:19,9
DA:20,9
DA:22,9
DA:23,9
DA:26,2
DA:35,1
DA:38,1
DA:39,1
DA:43,9
DA:220,2
DA:223,2
DA:226,2
LF:13
LH:13
BRF:0
BRH:0
end_of_record
TN:
SF:src\pages\Calendar.tsx
FN:17,CalendarPage
FN:24,(anonymous_1)
FN:58,handleNewDateChange
FN:64,handleModDateChange
FN:68,deleteEvent
FN:70,(anonymous_5)
FN:78,(anonymous_6)
FN:80,(anonymous_7)
FN:89,deleteAllEvent
FN:91,(anonymous_9)
FN:95,(anonymous_10)
FN:97,(anonymous_11)
FN:106,replaceEvent
FN:107,(anonymous_13)
FN:111,(anonymous_14)
FN:113,(anonymous_15)
FN:122,handleProcessSelected
FN:124,(anonymous_17)
FN:136,(anonymous_18)
FN:142,handleStepSelected
FN:146,getUserDataByToken
FN:181,(anonymous_21)
FN:194,submitNewEvent
FN:197,(anonymous_23)
FN:204,(anonymous_24)
FN:207,(anonymous_25)
FN:217,handleProcessEdit
FN:218,(anonymous_27)
FN:223,(anonymous_28)
FN:235,(anonymous_29)
FN:244,submitModEvent
FN:247,(anonymous_31)
FN:253,(anonymous_32)
FN:255,(anonymous_33)
FN:263,(anonymous_34)
FN:269,editButtonOnClickEvent
FN:274,displayCalendarButtons
FN:287,displayCalendar
FN:293,(anonymous_38)
FN:296,(anonymous_39)
FN:310,displayModals
FN:376,(anonymous_41)
FN:408,(anonymous_42)
FN:449,(anonymous_43)
FN:459,(anonymous_44)
FN:508,(anonymous_45)
FN:529,(anonymous_46)
FN:530,(anonymous_47)
FN:538,(anonymous_48)
FN:540,(anonymous_49)
FN:547,(anonymous_50)
FNF:51
FNH:7
FNDA:4,CalendarPage
FNDA:0,(anonymous_1)
FNDA:0,handleNewDateChange
FNDA:0,handleModDateChange
FNDA:0,deleteEvent
FNDA:0,(anonymous_5)
FNDA:0,(anonymous_6)
FNDA:0,(anonymous_7)
FNDA:0,deleteAllEvent
FNDA:0,(anonymous_9)
FNDA:0,(anonymous_10)
FNDA:0,(anonymous_11)
FNDA:0,replaceEvent
FNDA:0,(anonymous_13)
FNDA:0,(anonymous_14)
FNDA:0,(anonymous_15)
FNDA:0,handleProcessSelected
FNDA:0,(anonymous_17)
FNDA:0,(anonymous_18)
FNDA:0,handleStepSelected
FNDA:2,getUserDataByToken
FNDA:0,(anonymous_21)
FNDA:0,submitNewEvent
FNDA:0,(anonymous_23)
FNDA:0,(anonymous_24)
FNDA:0,(anonymous_25)
FNDA:0,handleProcessEdit
FNDA:0,(anonymous_27)
FNDA:0,(anonymous_28)
FNDA:0,(anonymous_29)
FNDA:0,submitModEvent
FNDA:0,(anonymous_31)
FNDA:0,(anonymous_32)
FNDA:0,(anonymous_33)
FNDA:0,(anonymous_34)
FNDA:0,editButtonOnClickEvent
FNDA:3,displayCalendarButtons
FNDA:3,displayCalendar
FNDA:0,(anonymous_38)
FNDA:0,(anonymous_39)
FNDA:3,displayModals
FNDA:0,(anonymous_41)
FNDA:0,(anonymous_42)
FNDA:0,(anonymous_43)
FNDA:0,(anonymous_44)
FNDA:0,(anonymous_45)
FNDA:3,(anonymous_46)
FNDA:0,(anonymous_47)
FNDA:0,(anonymous_48)
FNDA:0,(anonymous_49)
FNDA:3,(anonymous_50)
DA:18,4
DA:19,4
DA:20,3
DA:21,3
DA:23,3
DA:24,0
DA:30,3
DA:31,3
DA:33,3
DA:34,3
DA:35,3
DA:36,3
DA:37,3
DA:38,3
DA:39,3
DA:40,3
DA:41,3
DA:42,3
DA:43,3
DA:44,3
DA:45,3
DA:46,3
DA:47,3
DA:48,3
DA:49,3
DA:50,3
DA:52,3
DA:53,3
DA:54,3
DA:56,3
DA:59,0
DA:60,0
DA:61,0
DA:65,0
DA:69,0
DA:70,0
DA:71,0
DA:79,0
DA:81,0
DA:82,0
DA:90,0
DA:91,0
DA:92,0
DA:96,0
DA:98,0
DA:99,0
DA:107,0
DA:108,0
DA:112,0
DA:114,0
DA:115,0
DA:123,0
DA:125,0
DA:126,0
DA:127,0
DA:134,0
DA:135,0
DA:137,0
DA:139,0
DA:143,0
DA:147,2
DA:148,2
DA:149,1
DA:151,1
DA:153,1
DA:154,1
DA:156,1
DA:157,1
DA:159,1
DA:160,1
DA:161,1
DA:175,1
DA:176,1
DA:178,1
DA:179,1
DA:181,1
DA:187,0
DA:189,2
DA:191,2
DA:195,0
DA:196,0
DA:197,0
DA:198,0
DA:205,0
DA:206,0
DA:208,0
DA:209,0
DA:218,0
DA:219,0
DA:220,0
DA:224,0
DA:225,0
DA:226,0
DA:233,0
DA:234,0
DA:236,0
DA:245,0
DA:246,0
DA:247,0
DA:248,0
DA:249,0
DA:254,0
DA:256,0
DA:257,0
DA:263,3
DA:264,0
DA:265,0
DA:270,0
DA:271,0
DA:275,3
DA:288,3
DA:294,0
DA:295,0
DA:296,0
DA:297,0
DA:298,0
DA:311,3
DA:376,0
DA:409,0
DA:411,0
DA:449,0
DA:460,0
DA:508,0
DA:529,3
DA:530,3
DA:531,0
DA:532,0
DA:533,0
DA:534,0
DA:536,0
DA:537,0
DA:539,0
DA:541,0
DA:547,3
DA:548,3
DA:549,1
DA:551,2
DA:555,3
LF:138
LH:58
BRDA:48,0,0,3
BRDA:48,0,1,0
BRDA:49,1,0,3
BRDA:49,1,1,0
BRDA:68,2,0,0
BRDA:72,3,0,0
BRDA:72,3,1,0
BRDA:93,4,0,0
BRDA:93,4,1,0
BRDA:109,5,0,0
BRDA:109,5,1,0
BRDA:199,6,0,0
BRDA:199,6,1,0
BRDA:221,7,0,0
BRDA:221,7,1,0
BRDA:248,8,0,0
BRDA:248,8,1,0
BRDA:264,9,0,0
BRDA:264,9,1,0
BRDA:280,10,0,3
BRDA:280,10,1,0
BRDA:280,11,0,3
BRDA:280,11,1,0
BRDA:297,12,0,0
BRDA:297,12,1,0
BRDA:350,13,0,3
BRDA:350,13,1,0
BRDA:401,14,0,3
BRDA:401,14,1,0
BRDA:412,15,0,0
BRDA:412,15,1,0
BRDA:461,16,0,0
BRDA:461,16,1,0
BRDA:485,17,0,0
BRDA:485,17,1,0
BRDA:536,18,0,0
BRDA:536,18,1,0
BRDA:548,19,0,1
BRDA:548,19,1,2
BRDA:559,20,0,3
BRDA:559,20,1,0
BRDA:564,21,0,0
BRDA:564,21,1,3
BRF:43
BRH:10
end_of_record
TN:
SF:src\pages\EmailSent.tsx
FN:12,EmailSentPage
FN:19,handleSubmit
FN:21,(anonymous_2)
FN:23,(anonymous_3)
FNF:4
FNH:4
FNDA:3,EmailSentPage
FNDA:2,handleSubmit
FNDA:1,(anonymous_2)
FNDA:1,(anonymous_3)
DA:14,3
DA:15,3
DA:16,3
DA:17,3
DA:20,2
DA:22,1
DA:24,1
DA:25,1
DA:29,3
LF:9
LH:9
BRF:0
BRH:0
end_of_record
TN:
SF:src\pages\Error.tsx
FN:8,(anonymous_0)
FNF:1
FNH:1
FNDA:1,(anonymous_0)
DA:8,2
DA:9,1
LF:2
LH:2
BRF:0
BRH:0
end_of_record
TN:
SF:src\pages\Facebook.tsx
FN:8,(anonymous_0)
FN:16,(anonymous_1)
FNF:2
FNH:2
FNDA:2,(anonymous_0)
FNDA:1,(anonymous_1)
DA:6,2
DA:8,2
DA:9,2
DA:10,2
DA:11,2
DA:12,2
DA:13,1
DA:14,1
DA:16,1
DA:17,1
DA:22,1
DA:25,2
LF:12
LH:12
BRDA:12,0,0,1
BRDA:12,0,1,1
BRF:2
BRH:2
end_of_record
TN:
SF:src\pages\Google.tsx
FN:8,(anonymous_0)
FN:16,(anonymous_1)
FNF:2
FNH:2
FNDA:2,(anonymous_0)
FNDA:1,(anonymous_1)
DA:6,2
DA:8,2
DA:9,2
DA:10,2
DA:11,2
DA:12,2
DA:13,2
DA:14,1
DA:16,1
DA:17,1
DA:18,1
DA:23,1
DA:26,2
LF:13
LH:13
BRDA:13,0,0,1
BRDA:13,0,1,1
BRF:2
BRH:2
end_of_record
TN:
SF:src\pages\Help.tsx
FN:22,HelpPage
FN:36,(anonymous_1)
FN:38,(anonymous_2)
FN:40,(anonymous_3)
FN:45,(anonymous_4)
FN:122,(anonymous_5)
FN:123,(anonymous_6)
FN:124,(anonymous_7)
FN:159,(anonymous_8)
FN:163,(anonymous_9)
FN:176,(anonymous_10)
FN:180,(anonymous_11)
FNF:12
FNH:10
FNDA:4,HelpPage
FNDA:4,(anonymous_1)
FNDA:4,(anonymous_2)
FNDA:4,(anonymous_3)
FNDA:1,(anonymous_4)
FNDA:2,(anonymous_5)
FNDA:2,(anonymous_6)
FNDA:14,(anonymous_7)
FNDA:0,(anonymous_8)
FNDA:0,(anonymous_9)
FNDA:21,(anonymous_10)
FNDA:2,(anonymous_11)
DA:23,4
DA:24,4
DA:25,4
DA:27,4
DA:28,0
DA:31,4
DA:32,4
DA:33,4
DA:36,4
DA:37,4
DA:39,4
DA:41,4
DA:45,4
DA:46,1
DA:120,4
DA:122,4
DA:123,2
DA:124,2
DA:125,14
DA:126,2
DA:128,12
DA:134,4
DA:160,0
DA:163,0
DA:177,21
DA:180,2
LF:26
LH:23
BRDA:27,0,0,0
BRDA:27,0,1,4
BRDA:125,1,0,2
BRDA:125,1,1,12
BRDA:135,2,0,0
BRDA:135,2,1,4
BRDA:138,3,0,0
BRDA:138,3,1,4
BRDA:156,4,0,0
BRDA:156,4,1,4
BRDA:161,5,0,0
BRDA:161,5,1,0
BRDA:178,6,0,1
BRDA:178,6,1,20
BRF:14
BRH:8
end_of_record
TN:
SF:src\pages\Home.tsx
FN:16,HomePage
FN:29,getPercentageClass
FN:47,checkIfCookieExist
FN:53,redirectToProcessResult
FN:57,getUserDatasByToken
FN:60,(anonymous_5)
FN:62,(anonymous_6)
FN:73,getCalendarDatas
FN:76,(anonymous_8)
FN:90,(anonymous_9)
FN:101,getUserProcessData
FN:104,(anonymous_11)
FN:127,(anonymous_12)
FN:138,deletePassedEvent
FN:139,(anonymous_14)
FN:147,(anonymous_15)
FN:149,(anonymous_16)
FN:156,(anonymous_17)
FN:163,(anonymous_18)
FN:189,(anonymous_19)
FN:191,(anonymous_20)
FNF:21
FNH:8
FNDA:4,HomePage
FNDA:0,getPercentageClass
FNDA:2,checkIfCookieExist
FNDA:0,redirectToProcessResult
FNDA:2,getUserDatasByToken
FNDA:0,(anonymous_5)
FNDA:0,(anonymous_6)
FNDA:2,getCalendarDatas
FNDA:0,(anonymous_8)
FNDA:0,(anonymous_9)
FNDA:2,getUserProcessData
FNDA:0,(anonymous_11)
FNDA:0,(anonymous_12)
FNDA:2,deletePassedEvent
FNDA:0,(anonymous_14)
FNDA:0,(anonymous_15)
FNDA:0,(anonymous_16)
FNDA:2,(anonymous_17)
FNDA:2,(anonymous_18)
FNDA:0,(anonymous_19)
FNDA:0,(anonymous_20)
DA:17,4
DA:18,4
DA:19,4
DA:20,4
DA:21,4
DA:22,4
DA:23,4
DA:24,4
DA:26,4
DA:27,4
DA:30,0
DA:31,0
DA:33,0
DA:34,0
DA:36,0
DA:37,0
DA:39,0
DA:40,0
DA:43,0
DA:48,2
DA:49,2
DA:54,0
DA:58,2
DA:59,2
DA:61,0
DA:63,0
DA:64,0
DA:67,2
DA:68,2
DA:70,2
DA:74,2
DA:75,2
DA:77,0
DA:78,0
DA:79,0
DA:89,0
DA:91,0
DA:92,0
DA:95,2
DA:96,2
DA:98,2
DA:102,2
DA:103,2
DA:105,0
DA:106,0
DA:107,0
DA:108,0
DA:117,0
DA:126,0
DA:128,0
DA:129,0
DA:132,2
DA:133,2
DA:135,2
DA:139,2
DA:140,0
DA:141,0
DA:142,0
DA:143,0
DA:145,0
DA:146,0
DA:148,0
DA:150,0
DA:156,4
DA:157,2
DA:158,2
DA:159,2
DA:160,2
DA:163,4
DA:164,2
DA:168,4
DA:190,0
DA:191,0
LF:73
LH:36
BRDA:30,0,0,0
BRDA:30,0,1,0
BRDA:33,1,0,0
BRDA:33,1,1,0
BRDA:36,2,0,0
BRDA:36,2,1,0
BRDA:39,3,0,0
BRDA:39,3,1,0
BRDA:48,4,0,2
BRDA:48,4,1,0
BRDA:107,5,0,0
BRDA:107,5,1,0
BRDA:145,6,0,0
BRDA:145,6,1,0
BRDA:171,7,0,0
BRDA:171,7,1,4
BRDA:174,8,0,2
BRDA:174,8,1,2
BRDA:194,9,0,0
BRDA:194,9,1,0
BRF:20
BRH:4
end_of_record
TN:
SF:src\pages\Lexicon.tsx
FN:19,LexiconPage
FN:28,checkCookie
FN:34,getLanguage
FN:37,(anonymous_3)
FN:39,(anonymous_4)
FN:45,(anonymous_5)
FN:50,(anonymous_6)
FN:89,toggleFAQ
FN:90,(anonymous_8)
FN:91,(anonymous_9)
FN:123,(anonymous_10)
FN:127,(anonymous_11)
FN:140,(anonymous_12)
FN:144,(anonymous_13)
FNF:14
FNH:12
FNDA:8,LexiconPage
FNDA:6,checkCookie
FNDA:6,getLanguage
FNDA:4,(anonymous_3)
FNDA:4,(anonymous_4)
FNDA:6,(anonymous_5)
FNDA:3,(anonymous_6)
FNDA:2,toggleFAQ
FNDA:2,(anonymous_8)
FNDA:8,(anonymous_9)
FNDA:0,(anonymous_10)
FNDA:0,(anonymous_11)
FNDA:20,(anonymous_12)
FNDA:2,(anonymous_13)
DA:20,8
DA:21,8
DA:22,8
DA:24,8
DA:25,8
DA:26,8
DA:29,6
DA:30,2
DA:35,6
DA:36,4
DA:38,4
DA:40,4
DA:45,8
DA:46,6
DA:47,6
DA:50,8
DA:51,3
DA:87,8
DA:90,2
DA:91,2
DA:92,8
DA:93,2
DA:95,6
DA:101,8
DA:124,0
DA:127,0
DA:141,20
DA:144,2
LF:28
LH:26
BRDA:29,0,0,2
BRDA:29,0,1,4
BRDA:35,1,0,4
BRDA:35,1,1,2
BRDA:92,2,0,2
BRDA:92,2,1,6
BRDA:102,3,0,0
BRDA:102,3,1,8
BRDA:105,4,0,0
BRDA:105,4,1,8
BRDA:120,5,0,0
BRDA:120,5,1,8
BRDA:125,6,0,0
BRDA:125,6,1,0
BRDA:142,7,0,1
BRDA:142,7,1,19
BRF:16
BRH:11
end_of_record
TN:
SF:src\pages\Login.tsx
FN:21,LoginPage
FN:31,handleSubmit
FN:39,(anonymous_2)
FN:46,(anonymous_3)
FN:51,handleForgotPassword
FN:54,(anonymous_5)
FN:56,(anonymous_6)
FN:62,handleInputFilled
FN:70,googleConnect
FN:71,(anonymous_9)
FN:76,facebookConnect
FN:77,(anonymous_11)
FN:82,(anonymous_12)
FN:98,(anonymous_13)
FN:102,(anonymous_14)
FN:118,(anonymous_15)
FNF:16
FNH:12
FNDA:17,LoginPage
FNDA:2,handleSubmit
FNDA:1,(anonymous_2)
FNDA:1,(anonymous_3)
FNDA:0,handleForgotPassword
FNDA:0,(anonymous_5)
FNDA:0,(anonymous_6)
FNDA:13,handleInputFilled
FNDA:1,googleConnect
FNDA:1,(anonymous_9)
FNDA:1,facebookConnect
FNDA:1,(anonymous_11)
FNDA:13,(anonymous_12)
FNDA:2,(anonymous_13)
FNDA:2,(anonymous_14)
FNDA:0,(anonymous_15)
DA:22,17
DA:23,17
DA:24,17
DA:25,17
DA:26,17
DA:28,17
DA:29,17
DA:32,2
DA:33,2
DA:40,1
DA:45,1
DA:47,1
DA:52,0
DA:55,0
DA:57,0
DA:58,0
DA:63,13
DA:64,4
DA:66,9
DA:71,1
DA:72,1
DA:77,1
DA:78,1
DA:82,17
DA:83,13
DA:84,13
DA:85,1
DA:89,17
DA:98,2
DA:102,2
DA:118,0
LF:31
LH:26
BRDA:63,0,0,4
BRDA:63,0,1,9
BRDA:63,1,0,13
BRDA:63,1,1,6
BRDA:84,2,0,1
BRDA:84,2,1,12
BRDA:105,3,0,13
BRDA:105,3,1,4
BRDA:118,4,0,17
BRDA:118,4,1,0
BRDA:119,5,0,13
BRDA:119,5,1,4
BRF:12
BRH:11
end_of_record
TN:
SF:src\pages\ProcessIdea.tsx
FN:10,ProcessIdea
FN:28,(anonymous_1)
FN:30,(anonymous_2)
FN:32,(anonymous_3)
FN:40,(anonymous_4)
FN:44,(anonymous_5)
FN:48,(anonymous_6)
FN:53,(anonymous_7)
FN:62,(anonymous_8)
FN:72,(anonymous_9)
FNF:10
FNH:9
FNDA:20,ProcessIdea
FNDA:4,(anonymous_1)
FNDA:4,(anonymous_2)
FNDA:0,(anonymous_3)
FNDA:3,(anonymous_4)
FNDA:3,(anonymous_5)
FNDA:3,(anonymous_6)
FNDA:1,(anonymous_7)
FNDA:2,(anonymous_8)
FNDA:1,(anonymous_9)
DA:12,20
DA:14,20
DA:15,1
DA:18,20
DA:20,20
DA:21,19
DA:22,19
DA:23,19
DA:24,19
DA:25,19
DA:26,19
DA:28,19
DA:29,4
DA:31,4
DA:33,0
DA:37,19
DA:38,19
DA:39,19
DA:40,19
DA:41,3
DA:42,3
DA:44,19
DA:45,3
DA:46,3
DA:48,19
DA:49,3
DA:50,3
DA:53,19
DA:54,1
DA:55,1
DA:56,1
DA:57,1
DA:60,19
DA:62,19
DA:63,2
DA:64,2
DA:65,2
DA:66,2
DA:67,2
DA:73,1
DA:77,19
DA:79,19
LF:42
LH:41
BRDA:14,0,0,1
BRDA:14,0,1,19
BRDA:90,1,0,0
BRDA:90,1,1,19
BRDA:103,2,0,0
BRDA:103,2,1,19
BRDA:115,3,0,0
BRDA:115,3,1,19
BRF:8
BRH:5
end_of_record
TN:
SF:src\pages\ProcessResult.tsx
FN:24,(anonymous_0)
FN:48,(anonymous_1)
FN:50,(anonymous_2)
FN:52,(anonymous_3)
FN:58,(anonymous_4)
FN:61,(anonymous_5)
FN:66,(anonymous_6)
FN:73,(anonymous_7)
FN:76,(anonymous_8)
FN:82,(anonymous_9)
FN:92,(anonymous_10)
FN:95,(anonymous_11)
FN:116,(anonymous_12)
FN:119,(anonymous_13)
FNF:14
FNH:12
FNDA:8,(anonymous_0)
FNDA:5,(anonymous_1)
FNDA:5,(anonymous_2)
FNDA:0,(anonymous_3)
FNDA:5,(anonymous_4)
FNDA:6,(anonymous_5)
FNDA:0,(anonymous_6)
FNDA:2,(anonymous_7)
FNDA:6,(anonymous_8)
FNDA:6,(anonymous_9)
FNDA:1,(anonymous_10)
FNDA:1,(anonymous_11)
FNDA:12,(anonymous_12)
FNDA:2,(anonymous_13)
DA:24,2
DA:26,8
DA:27,8
DA:28,8
DA:29,7
DA:31,7
DA:32,0
DA:34,7
DA:36,7
DA:39,7
DA:43,7
DA:46,7
DA:48,7
DA:49,5
DA:51,5
DA:53,0
DA:56,5
DA:57,5
DA:59,5
DA:60,5
DA:61,5
DA:62,6
DA:63,3
DA:67,0
DA:73,7
DA:74,2
DA:75,2
DA:76,2
DA:77,6
DA:78,6
DA:81,2
DA:82,2
DA:83,6
DA:88,2
DA:93,1
DA:94,1
DA:96,1
DA:100,7
DA:117,12
DA:119,2
LF:40
LH:37
BRDA:31,0,0,0
BRDA:31,0,1,7
BRDA:56,1,0,5
BRDA:56,1,1,0
BRDA:62,2,0,3
BRDA:62,2,1,3
BRDA:77,3,0,6
BRDA:77,3,1,0
BRDA:104,4,0,0
BRDA:104,4,1,7
BRF:10
BRH:6
end_of_record
TN:
SF:src\pages\Profile.tsx
FN:15,ProfilePage
FN:35,getPercentageClass
FN:53,getUserInfo
FN:55,(anonymous_3)
FN:65,(anonymous_4)
FN:74,getUserProcessInfo
FN:77,(anonymous_6)
FN:79,(anonymous_7)
FN:88,(anonymous_8)
FN:122,(anonymous_9)
FN:125,(anonymous_10)
FNF:11
FNH:11
FNDA:9,ProfilePage
FNDA:1,getPercentageClass
FNDA:5,getUserInfo
FNDA:4,(anonymous_3)
FNDA:2,(anonymous_4)
FNDA:5,getUserProcessInfo
FNDA:4,(anonymous_6)
FNDA:2,(anonymous_7)
FNDA:5,(anonymous_8)
FNDA:1,(anonymous_9)
FNDA:1,(anonymous_10)
DA:16,9
DA:17,9
DA:19,9
DA:21,9
DA:22,8
DA:23,8
DA:24,8
DA:25,8
DA:26,8
DA:27,8
DA:28,8
DA:29,8
DA:30,8
DA:31,8
DA:32,8
DA:33,8
DA:36,1
DA:37,0
DA:39,1
DA:40,1
DA:42,0
DA:43,0
DA:45,0
DA:46,0
DA:49,0
DA:54,5
DA:55,5
DA:56,4
DA:57,2
DA:58,2
DA:59,2
DA:60,2
DA:61,2
DA:62,2
DA:63,2
DA:64,2
DA:66,2
DA:69,1
DA:71,5
DA:75,5
DA:76,5
DA:78,4
DA:80,2
DA:83,1
DA:85,5
DA:88,8
DA:89,5
DA:90,1
DA:92,5
DA:93,5
DA:96,8
DA:123,1
DA:125,1
LF:53
LH:47
BRDA:36,0,0,0
BRDA:36,0,1,1
BRDA:39,1,0,1
BRDA:39,1,1,0
BRDA:42,2,0,0
BRDA:42,2,1,0
BRDA:45,3,0,0
BRDA:45,3,1,0
BRDA:89,4,0,1
BRDA:89,4,1,4
BRDA:100,5,0,5
BRDA:100,5,1,3
BRDA:102,6,0,0
BRDA:102,6,1,8
BRDA:107,7,0,0
BRDA:107,7,1,8
BRDA:109,8,0,0
BRDA:109,8,1,8
BRDA:110,9,0,0
BRDA:110,9,1,8
BRDA:113,10,0,0
BRDA:113,10,1,8
BRDA:119,11,0,6
BRDA:119,11,1,2
BRDA:119,12,0,8
BRDA:119,12,1,7
BRDA:124,13,0,1
BRDA:124,13,1,0
BRDA:128,14,0,0
BRDA:128,14,1,1
BRDA:152,15,0,0
BRDA:152,15,1,8
BRDA:157,16,0,0
BRDA:157,16,1,8
BRDA:162,17,0,0
BRDA:162,17,1,8
BRDA:167,18,0,0
BRDA:167,18,1,8
BRDA:172,19,0,0
BRDA:172,19,1,8
BRF:40
BRH:22
end_of_record
TN:
SF:src\pages\Register.tsx
FN:15,RegisterPage
FN:27,handleSubmit
FN:35,(anonymous_2)
FN:42,(anonymous_3)
FN:48,handleConfirmPasswordChange
FN:53,googleConnect
FN:55,(anonymous_6)
FN:57,(anonymous_7)
FN:62,facebookConnect
FN:64,(anonymous_9)
FN:66,(anonymous_10)
FN:71,(anonymous_11)
FN:91,(anonymous_12)
FN:95,(anonymous_13)
FN:99,(anonymous_14)
FNF:15
FNH:15
FNDA:45,RegisterPage
FNDA:2,handleSubmit
FNDA:1,(anonymous_2)
FNDA:1,(anonymous_3)
FNDA:4,handleConfirmPasswordChange
FNDA:2,googleConnect
FNDA:1,(anonymous_6)
FNDA:1,(anonymous_7)
FNDA:2,facebookConnect
FNDA:1,(anonymous_9)
FNDA:1,(anonymous_10)
FNDA:29,(anonymous_11)
FNDA:4,(anonymous_12)
FNDA:4,(anonymous_13)
FNDA:4,(anonymous_14)
DA:17,45
DA:18,45
DA:19,45
DA:20,45
DA:21,45
DA:22,45
DA:24,45
DA:25,45
DA:28,2
DA:29,2
DA:36,1
DA:41,1
DA:43,1
DA:44,1
DA:49,4
DA:50,4
DA:54,2
DA:56,1
DA:58,1
DA:63,2
DA:65,1
DA:67,1
DA:71,45
DA:72,29
DA:73,4
DA:75,25
DA:77,29
DA:78,1
DA:82,45
DA:91,4
DA:95,4
DA:99,4
LF:32
LH:32
BRDA:72,0,0,4
BRDA:72,0,1,25
BRDA:72,1,0,29
BRDA:72,1,1,18
BRDA:72,1,2,10
BRDA:77,2,0,1
BRDA:77,2,1,28
BRDA:106,3,0,41
BRDA:106,3,1,4
BRF:9
BRH:9
end_of_record
TN:
SF:src\pages\ResetPassword.tsx
FN:9,ResetPasswordPage
FN:20,handleSubmit
FN:23,(anonymous_2)
FN:26,(anonymous_3)
FN:32,handleinputFilled
FN:40,(anonymous_5)
FN:44,errorSubmit
FN:64,(anonymous_7)
FN:67,(anonymous_8)
FN:77,(anonymous_9)
FN:80,(anonymous_10)
FNF:11
FNH:3
FNDA:1,ResetPasswordPage
FNDA:0,handleSubmit
FNDA:0,(anonymous_2)
FNDA:0,(anonymous_3)
FNDA:1,handleinputFilled
FNDA:1,(anonymous_5)
FNDA:0,errorSubmit
FNDA:0,(anonymous_7)
FNDA:0,(anonymous_8)
FNDA:0,(anonymous_9)
FNDA:0,(anonymous_10)
DA:11,1
DA:12,1
DA:13,1
DA:14,1
DA:15,1
DA:16,1
DA:17,1
DA:18,1
DA:21,0
DA:24,0
DA:25,0
DA:27,0
DA:28,0
DA:33,1
DA:34,0
DA:36,1
DA:40,1
DA:41,1
DA:45,0
DA:49,1
DA:64,0
DA:67,0
DA:77,0
DA:80,0
LF:24
LH:13
BRDA:33,0,0,0
BRDA:33,0,1,1
BRDA:33,1,0,1
BRDA:33,1,1,0
BRDA:60,2,0,0
BRDA:60,2,1,1
BRDA:62,3,0,1
BRDA:62,3,1,0
BRDA:68,4,0,0
BRDA:68,4,1,1
BRDA:73,5,0,0
BRDA:73,5,1,1
BRDA:75,6,0,1
BRDA:75,6,1,0
BRDA:81,7,0,0
BRDA:81,7,1,1
BRDA:84,8,0,1
BRDA:84,8,1,0
BRDA:84,9,0,1
BRDA:84,9,1,0
BRF:20
BRH:10
end_of_record
TN:
SF:src\pages\Settings.tsx
FN:18,SettingsPage
FN:56,(anonymous_1)
FN:58,(anonymous_2)
FN:64,getUserData
FN:66,(anonymous_4)
FN:76,(anonymous_5)
FN:83,handleSubmit
FN:89,checkAndAssign
FN:107,(anonymous_8)
FN:118,(anonymous_9)
FN:147,handleChangePassword
FN:158,(anonymous_11)
FN:161,(anonymous_12)
FN:178,handleDeleteAccount
FN:184,(anonymous_14)
FN:188,(anonymous_15)
FN:202,handleSetNewAvatar
FN:207,(anonymous_17)
FN:210,(anonymous_18)
FN:224,(anonymous_19)
FN:244,(anonymous_20)
FN:252,(anonymous_21)
FN:260,(anonymous_22)
FN:278,(anonymous_23)
FN:288,(anonymous_24)
FN:303,(anonymous_25)
FN:318,(anonymous_26)
FN:333,(anonymous_27)
FN:366,(anonymous_28)
FN:383,(anonymous_29)
FN:399,(anonymous_30)
FN:414,(anonymous_31)
FN:430,(anonymous_32)
FN:446,(anonymous_33)
FN:463,(anonymous_34)
FN:483,(anonymous_35)
FN:503,(anonymous_36)
FN:521,(anonymous_37)
FN:542,(anonymous_38)
FN:545,(anonymous_39)
FN:548,(anonymous_40)
FN:551,(anonymous_41)
FN:554,(anonymous_42)
FN:557,(anonymous_43)
FN:560,(anonymous_44)
FN:563,(anonymous_45)
FN:568,(anonymous_46)
FN:582,getVariableToChange
FNF:48
FNH:47
FNDA:105,SettingsPage
FNDA:1,(anonymous_1)
FNDA:1,(anonymous_2)
FNDA:18,getUserData
FNDA:14,(anonymous_4)
FNDA:18,(anonymous_5)
FNDA:6,handleSubmit
FNDA:48,checkAndAssign
FNDA:1,(anonymous_8)
FNDA:5,(anonymous_9)
FNDA:1,handleChangePassword
FNDA:1,(anonymous_11)
FNDA:0,(anonymous_12)
FNDA:4,handleDeleteAccount
FNDA:1,(anonymous_14)
FNDA:3,(anonymous_15)
FNDA:32,handleSetNewAvatar
FNDA:8,(anonymous_17)
FNDA:24,(anonymous_18)
FNDA:19,(anonymous_19)
FNDA:5,(anonymous_20)
FNDA:1,(anonymous_21)
FNDA:5,(anonymous_22)
FNDA:4,(anonymous_23)
FNDA:6,(anonymous_24)
FNDA:6,(anonymous_25)
FNDA:6,(anonymous_26)
FNDA:6,(anonymous_27)
FNDA:6,(anonymous_28)
FNDA:6,(anonymous_29)
FNDA:6,(anonymous_30)
FNDA:6,(anonymous_31)
FNDA:6,(anonymous_32)
FNDA:1,(anonymous_33)
FNDA:1,(anonymous_34)
FNDA:1,(anonymous_35)
FNDA:6,(anonymous_36)
FNDA:1,(anonymous_37)
FNDA:4,(anonymous_38)
FNDA:4,(anonymous_39)
FNDA:4,(anonymous_40)
FNDA:4,(anonymous_41)
FNDA:4,(anonymous_42)
FNDA:4,(anonymous_43)
FNDA:4,(anonymous_44)
FNDA:4,(anonymous_45)
FNDA:4,(anonymous_46)
FNDA:10,getVariableToChange
DA:19,105
DA:21,105
DA:22,1
DA:25,105
DA:27,105
DA:29,105
DA:30,104
DA:31,104
DA:32,104
DA:33,104
DA:34,104
DA:35,104
DA:36,104
DA:37,104
DA:38,104
DA:39,104
DA:41,104
DA:42,104
DA:43,104
DA:44,104
DA:45,104
DA:46,104
DA:47,104
DA:48,104
DA:49,104
DA:51,104
DA:53,104
DA:55,104
DA:56,104
DA:57,104
DA:58,104
DA:60,104
DA:61,104
DA:62,104
DA:65,18
DA:67,14
DA:68,0
DA:69,0
DA:70,0
DA:71,0
DA:72,0
DA:73,0
DA:74,0
DA:75,0
DA:77,18
DA:78,18
DA:80,18
DA:84,6
DA:86,6
DA:87,6
DA:90,48
DA:91,48
DA:92,48
DA:96,6
DA:97,6
DA:98,6
DA:99,6
DA:100,6
DA:101,6
DA:102,6
DA:103,6
DA:105,6
DA:106,6
DA:108,1
DA:109,1
DA:110,1
DA:111,1
DA:112,1
DA:113,1
DA:114,1
DA:115,1
DA:116,1
DA:119,5
DA:120,5
DA:121,5
DA:122,5
DA:124,2
DA:125,2
DA:127,1
DA:128,1
DA:130,1
DA:131,1
DA:133,1
DA:134,1
DA:136,0
DA:141,0
DA:144,6
DA:148,1
DA:149,1
DA:151,1
DA:152,0
DA:154,1
DA:155,1
DA:159,1
DA:160,1
DA:162,0
DA:163,0
DA:164,0
DA:165,0
DA:166,0
DA:167,0
DA:168,0
DA:172,0
DA:175,1
DA:179,4
DA:180,4
DA:185,1
DA:186,1
DA:187,1
DA:189,3
DA:190,3
DA:191,1
DA:192,2
DA:193,1
DA:194,1
DA:195,1
DA:198,4
DA:199,4
DA:203,32
DA:204,32
DA:208,8
DA:209,8
DA:211,24
DA:212,24
DA:213,8
DA:214,16
DA:215,8
DA:216,8
DA:217,8
DA:220,32
DA:221,32
DA:224,104
DA:225,19
DA:226,18
DA:228,1
DA:232,104
DA:244,5
DA:252,1
DA:260,5
DA:278,4
DA:288,6
DA:303,6
DA:318,6
DA:333,6
DA:366,6
DA:383,6
DA:399,6
DA:414,6
DA:430,6
DA:446,1
DA:463,1
DA:483,1
DA:503,6
DA:521,1
DA:542,4
DA:545,4
DA:548,4
DA:551,4
DA:554,4
DA:557,4
DA:560,4
DA:563,4
DA:568,4
DA:583,10
DA:585,1
DA:587,1
DA:589,1
DA:591,1
DA:593,1
DA:595,1
DA:597,1
DA:599,1
DA:601,1
DA:603,1
LF:174
LH:155
BRDA:21,0,0,1
BRDA:21,0,1,104
BRDA:90,1,0,48
BRDA:90,1,1,0
BRDA:90,2,0,48
BRDA:90,2,1,48
BRDA:105,3,0,6
BRDA:105,3,1,0
BRDA:109,4,0,1
BRDA:109,4,1,0
BRDA:110,5,0,1
BRDA:110,5,1,0
BRDA:111,6,0,1
BRDA:111,6,1,0
BRDA:112,7,0,1
BRDA:112,7,1,0
BRDA:113,8,0,1
BRDA:113,8,1,0
BRDA:114,9,0,1
BRDA:114,9,1,0
BRDA:115,10,0,1
BRDA:115,10,1,0
BRDA:116,11,0,1
BRDA:116,11,1,0
BRDA:120,12,0,5
BRDA:120,12,1,0
BRDA:120,13,0,5
BRDA:120,13,1,5
BRDA:122,14,0,2
BRDA:122,14,1,1
BRDA:122,14,2,1
BRDA:122,14,3,1
BRDA:122,14,4,0
BRDA:151,15,0,0
BRDA:151,15,1,1
BRDA:151,16,0,1
BRDA:151,16,1,1
BRDA:151,16,2,1
BRDA:154,17,0,1
BRDA:154,17,1,0
BRDA:154,18,0,1
BRDA:154,18,1,1
BRDA:163,19,0,0
BRDA:163,19,1,0
BRDA:165,20,0,0
BRDA:165,20,1,0
BRDA:167,21,0,0
BRDA:167,21,1,0
BRDA:190,22,0,1
BRDA:190,22,1,2
BRDA:192,23,0,1
BRDA:192,23,1,1
BRDA:194,24,0,1
BRDA:194,24,1,0
BRDA:212,25,0,8
BRDA:212,25,1,16
BRDA:214,26,0,8
BRDA:214,26,1,8
BRDA:216,27,0,8
BRDA:216,27,1,0
BRDA:225,28,0,18
BRDA:225,28,1,1
BRDA:236,29,0,104
BRDA:236,29,1,0
BRDA:238,30,0,0
BRDA:238,30,1,104
BRDA:268,31,0,104
BRDA:268,31,1,85
BRDA:274,32,0,0
BRDA:274,32,1,85
BRDA:294,33,0,0
BRDA:294,33,1,85
BRDA:309,34,0,0
BRDA:309,34,1,85
BRDA:324,35,0,0
BRDA:324,35,1,85
BRDA:334,36,0,36
BRDA:334,36,1,49
BRDA:334,37,0,85
BRDA:334,37,1,36
BRDA:374,38,0,0
BRDA:374,38,1,85
BRDA:390,39,0,0
BRDA:390,39,1,85
BRDA:405,40,0,0
BRDA:405,40,1,85
BRDA:420,41,0,0
BRDA:420,41,1,85
BRDA:439,42,0,104
BRDA:439,42,1,4
BRDA:448,43,0,0
BRDA:448,43,1,4
BRDA:454,44,0,0
BRDA:454,44,1,4
BRDA:465,45,0,0
BRDA:465,45,1,4
BRDA:471,46,0,0
BRDA:471,46,1,4
BRDA:492,47,0,104
BRDA:492,47,1,15
BRDA:512,48,0,104
BRDA:512,48,1,9
BRDA:533,49,0,104
BRDA:533,49,1,8
BRDA:583,50,0,1
BRDA:583,50,1,1
BRDA:583,50,2,1
BRDA:583,50,3,1
BRDA:583,50,4,1
BRDA:583,50,5,1
BRDA:583,50,6,1
BRDA:583,50,7,1
BRDA:583,50,8,1
BRDA:583,50,9,1
BRF:114
BRH:78
end_of_record
TN:
SF:src\pages\Translation.tsx
FN:1172,getTranslation
FNF:1
FNH:1
FNDA:197,getTranslation
DA:15,13
DA:1173,197
DA:1174,197
LF:3
LH:3
BRDA:1173,0,0,197
BRDA:1173,0,1,192
BRF:2
BRH:2
end_of_record
TN:
SF:src\pages\VerifyEmail.tsx
FN:11,VerifyEmailPage
FN:18,(anonymous_1)
FN:20,(anonymous_2)
FN:26,(anonymous_3)
FNF:4
FNH:4
FNDA:3,VerifyEmailPage
FNDA:3,(anonymous_1)
FNDA:2,(anonymous_2)
FNDA:1,(anonymous_3)
DA:13,3
DA:14,3
DA:15,3
DA:16,3
DA:18,3
DA:19,3
DA:21,2
DA:27,1
DA:31,3
LF:9
LH:9
BRF:0
BRH:0
end_of_record
TN:
SF:src\pages\Welcome.tsx
FN:11,WelcomePage
FN:15,redirectToHome
FN:21,(anonymous_2)
FNF:3
FNH:3
FNDA:11,WelcomePage
FNDA:11,redirectToHome
FNDA:11,(anonymous_2)
DA:12,11
DA:13,11
DA:16,11
DA:17,2
DA:21,11
DA:22,11
DA:25,11
LF:7
LH:7
BRDA:16,0,0,2
BRDA:16,0,1,9
BRF:2
BRH:2
end_of_record
TN:
SF:src\pages\QuizPages\Quiz.tsx
FN:15,QuizPage
FN:29,handleSubmit
FN:41,getUserLanguage
FN:43,(anonymous_3)
FN:45,(anonymous_4)
FN:51,getProcesses
FN:53,(anonymous_6)
FN:64,(anonymous_7)
FN:70,(anonymous_8)
FN:84,(anonymous_9)
FNF:10
FNH:8
FNDA:6,QuizPage
FNDA:1,handleSubmit
FNDA:6,getUserLanguage
FNDA:6,(anonymous_3)
FNDA:0,(anonymous_4)
FNDA:6,getProcesses
FNDA:6,(anonymous_6)
FNDA:0,(anonymous_7)
FNDA:6,(anonymous_8)
FNDA:6,(anonymous_9)
DA:16,6
DA:17,6
DA:19,6
DA:20,0
DA:23,6
DA:24,6
DA:25,6
DA:26,6
DA:27,6
DA:30,1
DA:32,1
DA:34,1
DA:35,1
DA:37,1
DA:42,6
DA:44,6
DA:46,0
DA:47,0
DA:52,6
DA:54,6
DA:56,6
DA:57,6
DA:63,6
DA:65,0
DA:66,0
DA:70,6
DA:71,6
DA:72,6
DA:75,6
DA:85,6
LF:30
LH:25
BRDA:19,0,0,0
BRDA:19,0,1,6
BRDA:34,1,0,1
BRDA:34,1,1,0
BRDA:78,2,0,0
BRDA:78,2,1,6
BRF:6
BRH:3
end_of_record
TN:
SF:src\pages\QuizPages\QuizQuestion.tsx
FN:14,QuizQuestion
FN:40,getUserLanguage
FN:42,(anonymous_2)
FN:44,(anonymous_3)
FN:50,getProcessQuestions
FN:52,(anonymous_5)
FN:57,(anonymous_6)
FN:63,getUserProcesses
FN:65,(anonymous_8)
FN:66,(anonymous_9)
FN:70,(anonymous_10)
FN:76,handleClick
FN:104,(anonymous_12)
FN:106,(anonymous_13)
FN:112,(anonymous_14)
FN:114,(anonymous_15)
FN:122,(anonymous_16)
FN:133,(anonymous_17)
FN:149,(anonymous_18)
FN:150,(anonymous_19)
FNF:20
FNH:16
FNDA:9,QuizQuestion
FNDA:6,getUserLanguage
FNDA:6,(anonymous_2)
FNDA:0,(anonymous_3)
FNDA:6,getProcessQuestions
FNDA:6,(anonymous_5)
FNDA:6,(anonymous_6)
FNDA:6,getUserProcesses
FNDA:6,(anonymous_8)
FNDA:0,(anonymous_9)
FNDA:6,(anonymous_10)
FNDA:5,handleClick
FNDA:3,(anonymous_12)
FNDA:2,(anonymous_13)
FNDA:0,(anonymous_14)
FNDA:0,(anonymous_15)
FNDA:6,(anonymous_16)
FNDA:8,(anonymous_17)
FNDA:2,(anonymous_18)
FNDA:3,(anonymous_19)
DA:15,9
DA:16,9
DA:18,9
DA:19,0
DA:22,9
DA:23,8
DA:24,8
DA:25,8
DA:26,8
DA:27,8
DA:28,8
DA:29,8
DA:30,8
DA:31,8
DA:32,8
DA:33,8
DA:35,8
DA:41,6
DA:43,6
DA:45,0
DA:46,0
DA:51,6
DA:53,6
DA:54,6
DA:55,0
DA:56,0
DA:58,6
DA:59,6
DA:64,6
DA:66,6
DA:67,0
DA:68,0
DA:71,6
DA:72,6
DA:77,5
DA:79,5
DA:81,5
DA:82,0
DA:83,0
DA:85,0
DA:87,5
DA:88,5
DA:89,5
DA:91,5
DA:92,10
DA:94,10
DA:95,3
DA:97,7
DA:100,5
DA:102,5
DA:103,5
DA:105,3
DA:107,2
DA:108,2
DA:111,0
DA:113,0
DA:115,0
DA:116,0
DA:122,8
DA:123,6
DA:124,6
DA:125,6
DA:128,8
DA:134,8
DA:149,2
DA:150,3
LF:66
LH:52
BRDA:18,0,0,0
BRDA:18,0,1,9
BRDA:67,1,0,0
BRDA:67,1,1,0
BRDA:81,2,0,0
BRDA:81,2,1,5
BRDA:82,3,0,0
BRDA:82,3,1,0
BRDA:94,4,0,3
BRDA:94,4,1,7
BRDA:102,5,0,5
BRDA:102,5,1,0
BRDA:131,6,0,0
BRDA:131,6,1,8
BRF:14
BRH:6
end_of_record
