TN:
SF:src\App.tsx
FN:32,(anonymous_0)
FNF:1
FNH:1
FNDA:1,(anonymous_0)
DA:32,1
DA:33,1
LF:2
LH:2
BRF:0
BRH:0
end_of_record
TN:
SF:src\components\ChangeLanguage.tsx
FN:6,ChangeLanguage
FN:9,changeLanguageHandler
FN:15,(anonymous_2)
FNF:3
FNH:3
FNDA:13,ChangeLanguage
FNDA:1,changeLanguageHandler
FNDA:1,(anonymous_2)
DA:7,13
DA:10,1
DA:13,13
DA:15,1
LF:4
LH:4
BRF:0
BRH:0
end_of_record
TN:
SF:src\components\Footer.tsx
FN:7,FooterNoConnected
FNF:1
FNH:1
FNDA:46,FooterNoConnected
DA:8,46
DA:10,46
LF:2
LH:2
BRF:0
BRH:0
end_of_record
TN:
SF:src\components\Header.tsx
FN:12,Header
FN:25,checkAvatar
FN:30,handleClickOutside
FN:36,openModal
FN:41,logout
FN:48,getData
FN:56,(anonymous_6)
FN:62,(anonymous_7)
FN:69,(anonymous_8)
FN:74,(anonymous_9)
FNF:10
FNH:10
FNDA:18,Header
FNDA:15,checkAvatar
FNDA:2,handleClickOutside
FNDA:6,openModal
FNDA:1,logout
FNDA:17,getData
FNDA:15,(anonymous_6)
FNDA:1,(anonymous_7)
FNDA:17,(anonymous_8)
FNDA:17,(anonymous_9)
DA:13,18
DA:14,18
DA:15,18
DA:17,18
DA:18,17
DA:19,17
DA:20,17
DA:21,17
DA:22,17
DA:23,17
DA:26,15
DA:27,15
DA:31,2
DA:32,0
DA:37,6
DA:38,6
DA:42,1
DA:43,1
DA:44,1
DA:49,17
DA:50,1
DA:53,16
DA:57,15
DA:58,15
DA:59,15
DA:60,15
DA:63,1
DA:69,17
DA:70,17
DA:71,17
DA:72,6
DA:74,17
DA:75,17
DA:79,17
LF:34
LH:33
BRDA:26,0,0,15
BRDA:26,0,1,0
BRDA:31,1,0,0
BRDA:31,1,1,2
BRDA:43,2,0,1
BRDA:43,2,1,0
BRDA:49,3,0,1
BRDA:49,3,1,16
BRDA:71,4,0,6
BRDA:71,4,1,11
BRDA:80,5,0,0
BRDA:80,5,1,17
BRDA:89,6,0,0
BRDA:89,6,1,17
BRDA:92,7,0,0
BRDA:92,7,1,17
BRDA:93,8,0,0
BRDA:93,8,1,17
BRDA:99,9,0,17
BRDA:99,9,1,6
BRDA:101,10,0,0
BRDA:101,10,1,6
BRF:22
BRH:14
end_of_record
TN:
SF:src\components\ListEventCalendar.tsx
FN:17,ListEventCalendar
FN:28,CircleIcon
FN:65,(anonymous_2)
FNF:3
FNH:1
FNDA:11,ListEventCalendar
FNDA:0,CircleIcon
FNDA:0,(anonymous_2)
DA:18,11
DA:19,11
DA:20,11
DA:21,11
DA:22,11
DA:23,11
DA:25,11
DA:26,11
DA:29,0
DA:40,11
DA:66,0
DA:67,0
DA:68,0
DA:69,0
DA:71,0
DA:74,0
LF:16
LH:9
BRDA:43,0,0,0
BRDA:43,0,1,11
BRDA:66,1,0,0
BRDA:66,1,1,0
BRDA:68,2,0,0
BRDA:68,2,1,0
BRDA:75,3,0,0
BRDA:75,3,1,0
BRDA:98,4,0,0
BRDA:98,4,1,0
BRF:10
BRH:1
end_of_record
TN:
SF:src\components\Loading.tsx
FN:5,Loading
FNF:1
FNH:1
FNDA:11,Loading
DA:6,11
LF:1
LH:1
BRF:0
BRH:0
end_of_record
TN:
SF:src\components\Navbar.tsx
FN:9,Navbar
FN:13,(anonymous_1)
FN:14,(anonymous_2)
FN:21,(anonymous_3)
FN:21,(anonymous_4)
FNF:5
FNH:4
FNDA:11,Navbar
FNDA:11,(anonymous_1)
FNDA:5,(anonymous_2)
FNDA:11,(anonymous_3)
FNDA:0,(anonymous_4)
DA:10,11
DA:11,11
DA:13,11
DA:14,11
DA:15,5
DA:16,3
DA:18,2
DA:21,11
DA:24,11
LF:9
LH:9
BRDA:15,0,0,3
BRDA:15,0,1,2
BRF:2
BRH:2
end_of_record
TN:
SF:src\container\Profile\CalendarButton.tsx
FN:6,CalendarButton
FNF:1
FNH:1
FNDA:3,CalendarButton
DA:7,3
LF:1
LH:1
BRF:0
BRH:0
end_of_record
TN:
SF:src\container\Profile\ProcessBar.tsx
FN:8,(anonymous_0)
FN:17,(anonymous_1)
FN:19,(anonymous_2)
FN:23,(anonymous_3)
FN:39,(anonymous_4)
FNF:5
FNH:5
FNDA:3,(anonymous_0)
FNDA:2,(anonymous_1)
FNDA:1,(anonymous_2)
FNDA:1,(anonymous_3)
FNDA:2,(anonymous_4)
DA:8,1
DA:10,3
DA:12,3
DA:17,2
DA:18,2
DA:20,1
DA:21,1
DA:22,1
DA:24,1
DA:25,1
DA:29,2
DA:40,2
LF:12
LH:12
BRDA:41,0,0,0
BRDA:41,0,1,2
BRF:2
BRH:1
end_of_record
TN:
SF:src\pages\AboutUs.tsx
FN:17,AboutUsPage
FN:25,submitForm
FN:34,(anonymous_2)
FN:37,(anonymous_3)
FN:220,(anonymous_4)
FN:223,(anonymous_5)
FN:226,(anonymous_6)
FNF:7
FNH:7
FNDA:9,AboutUsPage
FNDA:2,submitForm
FNDA:1,(anonymous_2)
FNDA:1,(anonymous_3)
FNDA:2,(anonymous_4)
FNDA:2,(anonymous_5)
FNDA:2,(anonymous_6)
DA:18,9
DA:19,9
DA:20,9
DA:22,9
DA:23,9
DA:26,2
DA:35,1
DA:38,1
DA:39,1
DA:43,9
DA:220,2
DA:223,2
DA:226,2
LF:13
LH:13
BRF:0
BRH:0
end_of_record
TN:
SF:src\pages\Calendar.tsx
FN:17,CalendarPage
FN:24,(anonymous_1)
FN:58,handleNewDateChange
FN:63,handleModDateChange
FN:67,deleteEvent
FN:68,(anonymous_5)
FN:73,(anonymous_6)
FN:75,(anonymous_7)
FN:83,replaceEvent
FN:84,(anonymous_9)
FN:88,(anonymous_10)
FN:96,handleProcessSelected
FN:98,(anonymous_12)
FN:110,(anonymous_13)
FN:116,handleStepSelected
FN:120,getUserDataByToken
FN:155,(anonymous_16)
FN:168,submitNewEvent
FN:170,(anonymous_18)
FN:177,(anonymous_19)
FN:179,(anonymous_20)
FN:188,handleProcessEdit
FN:189,(anonymous_22)
FN:194,(anonymous_23)
FN:206,(anonymous_24)
FN:215,submitModEvent
FN:218,(anonymous_26)
FN:224,(anonymous_27)
FN:228,(anonymous_28)
FN:236,(anonymous_29)
FN:242,editButtonOnClickEvent
FN:247,displayCalendarButtons
FN:263,displayCalendar
FN:270,(anonymous_33)
FN:272,(anonymous_34)
FN:293,displayModals
FN:387,(anonymous_36)
FN:428,(anonymous_37)
FN:471,(anonymous_38)
FN:497,(anonymous_39)
FNF:40
FNH:6
FNDA:4,CalendarPage
FNDA:0,(anonymous_1)
FNDA:0,handleNewDateChange
FNDA:0,handleModDateChange
FNDA:0,deleteEvent
FNDA:0,(anonymous_5)
FNDA:0,(anonymous_6)
FNDA:0,(anonymous_7)
FNDA:0,replaceEvent
FNDA:0,(anonymous_9)
FNDA:0,(anonymous_10)
FNDA:0,handleProcessSelected
FNDA:0,(anonymous_12)
FNDA:0,(anonymous_13)
FNDA:0,handleStepSelected
FNDA:2,getUserDataByToken
FNDA:0,(anonymous_16)
FNDA:0,submitNewEvent
FNDA:0,(anonymous_18)
FNDA:0,(anonymous_19)
FNDA:0,(anonymous_20)
FNDA:0,handleProcessEdit
FNDA:0,(anonymous_22)
FNDA:0,(anonymous_23)
FNDA:0,(anonymous_24)
FNDA:0,submitModEvent
FNDA:0,(anonymous_26)
FNDA:0,(anonymous_27)
FNDA:0,(anonymous_28)
FNDA:0,(anonymous_29)
FNDA:0,editButtonOnClickEvent
FNDA:3,displayCalendarButtons
FNDA:3,displayCalendar
FNDA:0,(anonymous_33)
FNDA:0,(anonymous_34)
FNDA:3,displayModals
FNDA:0,(anonymous_36)
FNDA:0,(anonymous_37)
FNDA:0,(anonymous_38)
FNDA:3,(anonymous_39)
DA:18,4
DA:19,4
DA:20,3
DA:21,3
DA:23,3
DA:24,0
DA:30,3
DA:31,3
DA:32,3
DA:34,3
DA:35,3
DA:36,3
DA:37,3
DA:38,3
DA:39,3
DA:40,3
DA:41,3
DA:42,3
DA:43,3
DA:44,3
DA:45,3
DA:46,3
DA:47,3
DA:48,3
DA:49,3
DA:50,3
DA:52,3
DA:53,3
DA:54,3
DA:56,3
DA:59,0
DA:60,0
DA:64,0
DA:68,0
DA:69,0
DA:70,0
DA:74,0
DA:76,0
DA:84,0
DA:85,0
DA:89,0
DA:97,0
DA:99,0
DA:100,0
DA:101,0
DA:108,0
DA:109,0
DA:111,0
DA:113,0
DA:117,0
DA:121,2
DA:122,2
DA:123,1
DA:125,1
DA:127,1
DA:128,1
DA:130,1
DA:131,1
DA:133,1
DA:134,1
DA:135,1
DA:149,1
DA:150,1
DA:152,1
DA:153,1
DA:155,1
DA:161,0
DA:163,2
DA:165,2
DA:169,0
DA:170,0
DA:171,0
DA:178,0
DA:180,0
DA:189,0
DA:190,0
DA:191,0
DA:195,0
DA:196,0
DA:197,0
DA:204,0
DA:205,0
DA:207,0
DA:216,0
DA:217,0
DA:218,0
DA:219,0
DA:220,0
DA:225,0
DA:226,0
DA:227,0
DA:229,0
DA:230,0
DA:236,3
DA:237,0
DA:243,0
DA:244,0
DA:248,3
DA:264,3
DA:271,0
DA:272,0
DA:273,0
DA:294,3
DA:388,0
DA:429,0
DA:471,0
DA:497,3
DA:498,3
DA:499,1
DA:501,2
DA:505,3
LF:111
LH:56
BRDA:49,0,0,0
BRDA:49,0,1,3
BRDA:71,1,0,0
BRDA:71,1,1,0
BRDA:86,2,0,0
BRDA:86,2,1,0
BRDA:172,3,0,0
BRDA:172,3,1,0
BRDA:192,4,0,0
BRDA:192,4,1,0
BRDA:219,5,0,0
BRDA:219,5,1,0
BRDA:238,6,0,0
BRDA:238,6,1,0
BRDA:250,7,0,0
BRDA:250,7,1,3
BRDA:250,8,0,0
BRDA:250,8,1,3
BRDA:256,9,0,3
BRDA:256,9,1,0
BRDA:256,10,0,3
BRDA:256,10,1,0
BRDA:274,11,0,0
BRDA:274,11,1,0
BRDA:331,12,0,3
BRDA:331,12,1,0
BRDA:380,13,0,3
BRDA:380,13,1,0
BRDA:389,14,0,0
BRDA:389,14,1,0
BRDA:430,15,0,0
BRDA:430,15,1,0
BRDA:446,16,0,0
BRDA:446,16,1,0
BRDA:498,17,0,1
BRDA:498,17,1,2
BRDA:509,18,0,3
BRDA:509,18,1,0
BRDA:516,19,0,0
BRDA:516,19,1,3
BRF:40
BRH:11
end_of_record
TN:
SF:src\pages\EmailSent.tsx
FN:12,EmailSentPage
FN:19,handleSubmit
FN:21,(anonymous_2)
FN:23,(anonymous_3)
FNF:4
FNH:4
FNDA:3,EmailSentPage
FNDA:2,handleSubmit
FNDA:1,(anonymous_2)
FNDA:1,(anonymous_3)
DA:14,3
DA:15,3
DA:16,3
DA:17,3
DA:20,2
DA:22,1
DA:24,1
DA:25,1
DA:29,3
LF:9
LH:9
BRF:0
BRH:0
end_of_record
TN:
SF:src\pages\Error.tsx
FN:8,(anonymous_0)
FNF:1
FNH:1
FNDA:1,(anonymous_0)
DA:8,2
DA:9,1
LF:2
LH:2
BRF:0
BRH:0
end_of_record
TN:
SF:src\pages\Facebook.tsx
FN:8,(anonymous_0)
FN:16,(anonymous_1)
FNF:2
FNH:2
FNDA:2,(anonymous_0)
FNDA:1,(anonymous_1)
DA:6,2
DA:8,2
DA:9,2
DA:10,2
DA:11,2
DA:12,2
DA:13,1
DA:14,1
DA:16,1
DA:17,1
DA:22,1
DA:25,2
LF:12
LH:12
BRDA:12,0,0,1
BRDA:12,0,1,1
BRF:2
BRH:2
end_of_record
TN:
SF:src\pages\Google.tsx
FN:8,(anonymous_0)
FN:16,(anonymous_1)
FNF:2
FNH:2
FNDA:2,(anonymous_0)
FNDA:1,(anonymous_1)
DA:6,2
DA:8,2
DA:9,2
DA:10,2
DA:11,2
DA:12,2
DA:13,2
DA:14,1
DA:16,1
DA:17,1
DA:18,1
DA:23,1
DA:26,2
LF:13
LH:13
BRDA:13,0,0,1
BRDA:13,0,1,1
BRF:2
BRH:2
end_of_record
TN:
SF:src\pages\Help.tsx
FN:20,HelpPage
FN:34,(anonymous_1)
FN:36,(anonymous_2)
FN:39,(anonymous_3)
FN:44,(anonymous_4)
FN:114,(anonymous_5)
FN:115,(anonymous_6)
FN:116,(anonymous_7)
FN:144,(anonymous_8)
FN:148,(anonymous_9)
FN:159,(anonymous_10)
FN:163,(anonymous_11)
FNF:12
FNH:10
FNDA:4,HelpPage
FNDA:4,(anonymous_1)
FNDA:4,(anonymous_2)
FNDA:4,(anonymous_3)
FNDA:1,(anonymous_4)
FNDA:2,(anonymous_5)
FNDA:2,(anonymous_6)
FNDA:14,(anonymous_7)
FNDA:0,(anonymous_8)
FNDA:0,(anonymous_9)
FNDA:21,(anonymous_10)
FNDA:2,(anonymous_11)
DA:21,4
DA:22,4
DA:23,4
DA:25,4
DA:26,0
DA:29,4
DA:30,4
DA:31,4
DA:34,4
DA:35,4
DA:37,4
DA:38,0
DA:40,4
DA:44,4
DA:45,1
DA:112,4
DA:114,4
DA:115,2
DA:116,2
DA:117,14
DA:118,2
DA:120,12
DA:126,4
DA:145,0
DA:148,0
DA:160,21
DA:163,2
LF:27
LH:23
BRDA:25,0,0,0
BRDA:25,0,1,4
BRDA:117,1,0,2
BRDA:117,1,1,12
BRDA:129,2,0,0
BRDA:129,2,1,4
BRDA:142,3,0,0
BRDA:142,3,1,4
BRDA:146,4,0,0
BRDA:146,4,1,0
BRDA:161,5,0,1
BRDA:161,5,1,20
BRF:12
BRH:7
end_of_record
TN:
SF:src\pages\Home.tsx
FN:26,HomePage
FN:35,(anonymous_1)
FN:36,(anonymous_2)
FN:37,(anonymous_3)
FN:38,(anonymous_4)
FN:46,handleClickAsc
FN:51,handleClickAlp
FN:56,getPercentageClass
FN:74,getUserDatasByToken
FN:77,(anonymous_9)
FN:79,(anonymous_10)
FN:88,getCalendarDatas
FN:91,(anonymous_12)
FN:105,(anonymous_13)
FN:114,getUserProcessData
FN:117,(anonymous_15)
FN:138,(anonymous_16)
FN:147,(anonymous_17)
FN:196,(anonymous_18)
FN:207,(anonymous_19)
FN:219,(anonymous_20)
FN:230,(anonymous_21)
FNF:22
FNH:7
FNDA:8,HomePage
FNDA:0,(anonymous_1)
FNDA:0,(anonymous_2)
FNDA:0,(anonymous_3)
FNDA:0,(anonymous_4)
FNDA:1,handleClickAsc
FNDA:1,handleClickAlp
FNDA:0,getPercentageClass
FNDA:3,getUserDatasByToken
FNDA:0,(anonymous_9)
FNDA:0,(anonymous_10)
FNDA:3,getCalendarDatas
FNDA:0,(anonymous_12)
FNDA:0,(anonymous_13)
FNDA:3,getUserProcessData
FNDA:0,(anonymous_15)
FNDA:0,(anonymous_16)
FNDA:3,(anonymous_17)
FNDA:0,(anonymous_18)
FNDA:0,(anonymous_19)
FNDA:0,(anonymous_20)
FNDA:0,(anonymous_21)
DA:27,8
DA:28,8
DA:29,8
DA:30,8
DA:31,8
DA:32,8
DA:33,8
DA:34,8
DA:35,8
DA:36,8
DA:37,8
DA:38,8
DA:39,8
DA:40,8
DA:41,8
DA:43,8
DA:44,8
DA:47,1
DA:48,1
DA:52,1
DA:53,1
DA:57,0
DA:58,0
DA:60,0
DA:61,0
DA:63,0
DA:64,0
DA:66,0
DA:67,0
DA:70,0
DA:75,3
DA:76,3
DA:78,0
DA:80,0
DA:83,3
DA:85,3
DA:89,3
DA:90,3
DA:92,0
DA:93,0
DA:94,0
DA:104,0
DA:106,0
DA:109,3
DA:111,3
DA:115,3
DA:116,3
DA:118,0
DA:119,0
DA:120,0
DA:121,0
DA:129,0
DA:137,0
DA:139,0
DA:142,3
DA:144,3
DA:147,8
DA:148,3
DA:149,3
DA:150,3
DA:153,8
DA:197,0
DA:208,0
DA:220,0
DA:231,0
LF:65
LH:38
BRDA:37,0,0,0
BRDA:37,0,1,0
BRDA:38,1,0,0
BRDA:38,1,1,0
BRDA:57,2,0,0
BRDA:57,2,1,0
BRDA:60,3,0,0
BRDA:60,3,1,0
BRDA:63,4,0,0
BRDA:63,4,1,0
BRDA:66,5,0,0
BRDA:66,5,1,0
BRDA:120,6,0,0
BRDA:120,6,1,0
BRDA:158,7,0,0
BRDA:158,7,1,8
BRDA:167,8,0,3
BRDA:167,8,1,5
BRDA:182,9,0,2
BRDA:182,9,1,6
BRDA:187,10,0,1
BRDA:187,10,1,7
BRDA:194,11,0,1
BRDA:194,11,1,7
BRDA:195,12,0,1
BRDA:195,12,1,0
BRDA:218,13,0,1
BRDA:218,13,1,6
BRF:28
BRH:12
end_of_record
TN:
SF:src\pages\Lexicon.tsx
FN:19,LexiconPage
FN:32,(anonymous_1)
FN:34,(anonymous_2)
FN:37,(anonymous_3)
FN:42,(anonymous_4)
FN:81,(anonymous_5)
FN:82,(anonymous_6)
FN:83,(anonymous_7)
FN:112,(anonymous_8)
FN:116,(anonymous_9)
FN:127,(anonymous_10)
FN:131,(anonymous_11)
FNF:12
FNH:10
FNDA:4,LexiconPage
FNDA:4,(anonymous_1)
FNDA:4,(anonymous_2)
FNDA:4,(anonymous_3)
FNDA:1,(anonymous_4)
FNDA:2,(anonymous_5)
FNDA:2,(anonymous_6)
FNDA:8,(anonymous_7)
FNDA:0,(anonymous_8)
FNDA:0,(anonymous_9)
FNDA:12,(anonymous_10)
FNDA:2,(anonymous_11)
DA:20,4
DA:21,4
DA:22,4
DA:24,4
DA:25,0
DA:28,4
DA:29,4
DA:30,4
DA:32,4
DA:33,4
DA:35,4
DA:36,0
DA:38,4
DA:42,4
DA:43,1
DA:79,4
DA:81,4
DA:82,2
DA:83,2
DA:84,8
DA:85,2
DA:87,6
DA:93,4
DA:113,0
DA:116,0
DA:128,12
DA:131,2
LF:27
LH:23
BRDA:24,0,0,0
BRDA:24,0,1,4
BRDA:84,1,0,2
BRDA:84,1,1,6
BRDA:96,2,0,0
BRDA:96,2,1,4
BRDA:110,3,0,0
BRDA:110,3,1,4
BRDA:114,4,0,0
BRDA:114,4,1,0
BRDA:129,5,0,1
BRDA:129,5,1,11
BRF:12
BRH:7
end_of_record
TN:
SF:src\pages\Login.tsx
FN:21,LoginPage
FN:32,handleSubmit
FN:39,(anonymous_2)
FN:46,(anonymous_3)
FN:51,handleForgotPassword
FN:54,(anonymous_5)
FN:56,(anonymous_6)
FN:62,handleinputFilled
FN:70,googleConnect
FN:71,(anonymous_9)
FN:76,facebookConnect
FN:77,(anonymous_11)
FN:82,(anonymous_12)
FN:98,(anonymous_13)
FN:102,(anonymous_14)
FN:114,(anonymous_15)
FNF:16
FNH:12
FNDA:17,LoginPage
FNDA:2,handleSubmit
FNDA:1,(anonymous_2)
FNDA:1,(anonymous_3)
FNDA:0,handleForgotPassword
FNDA:0,(anonymous_5)
FNDA:0,(anonymous_6)
FNDA:13,handleinputFilled
FNDA:1,googleConnect
FNDA:1,(anonymous_9)
FNDA:1,facebookConnect
FNDA:1,(anonymous_11)
FNDA:13,(anonymous_12)
FNDA:2,(anonymous_13)
FNDA:2,(anonymous_14)
FNDA:0,(anonymous_15)
DA:23,17
DA:24,17
DA:25,17
DA:26,17
DA:27,17
DA:29,17
DA:30,17
DA:33,2
DA:40,1
DA:45,1
DA:47,1
DA:52,0
DA:55,0
DA:57,0
DA:58,0
DA:63,13
DA:64,4
DA:66,9
DA:71,1
DA:72,1
DA:77,1
DA:78,1
DA:82,17
DA:83,13
DA:84,13
DA:85,1
DA:89,17
DA:98,2
DA:102,2
DA:114,0
LF:30
LH:25
BRDA:63,0,0,4
BRDA:63,0,1,9
BRDA:63,1,0,13
BRDA:63,1,1,6
BRDA:84,2,0,1
BRDA:84,2,1,12
BRDA:114,3,0,17
BRDA:114,3,1,0
BRDA:115,4,0,13
BRDA:115,4,1,4
BRDA:119,5,0,13
BRDA:119,5,1,4
BRF:12
BRH:11
end_of_record
TN:
SF:src\pages\ProcessIdea.tsx
FN:10,ProcessIdea
FN:28,(anonymous_1)
FN:30,(anonymous_2)
FN:32,(anonymous_3)
FN:40,(anonymous_4)
FN:44,(anonymous_5)
FN:48,(anonymous_6)
FN:53,(anonymous_7)
FN:62,(anonymous_8)
FN:72,(anonymous_9)
FNF:10
FNH:9
FNDA:20,ProcessIdea
FNDA:4,(anonymous_1)
FNDA:4,(anonymous_2)
FNDA:0,(anonymous_3)
FNDA:3,(anonymous_4)
FNDA:3,(anonymous_5)
FNDA:3,(anonymous_6)
FNDA:1,(anonymous_7)
FNDA:2,(anonymous_8)
FNDA:1,(anonymous_9)
DA:12,20
DA:14,20
DA:15,1
DA:18,20
DA:20,20
DA:21,19
DA:22,19
DA:23,19
DA:24,19
DA:25,19
DA:26,19
DA:28,19
DA:29,4
DA:31,4
DA:33,0
DA:37,19
DA:38,19
DA:39,19
DA:40,19
DA:41,3
DA:42,3
DA:44,19
DA:45,3
DA:46,3
DA:48,19
DA:49,3
DA:50,3
DA:53,19
DA:54,1
DA:55,1
DA:56,1
DA:57,1
DA:60,19
DA:62,19
DA:63,2
DA:64,2
DA:65,2
DA:66,2
DA:67,2
DA:73,1
DA:77,19
DA:79,19
LF:42
LH:41
BRDA:14,0,0,1
BRDA:14,0,1,19
BRDA:90,1,0,0
BRDA:90,1,1,19
BRDA:103,2,0,0
BRDA:103,2,1,19
BRDA:115,3,0,0
BRDA:115,3,1,19
BRF:8
BRH:5
end_of_record
TN:
SF:src\pages\ProcessResult.tsx
FN:24,(anonymous_0)
FN:48,(anonymous_1)
FN:50,(anonymous_2)
FN:52,(anonymous_3)
FN:58,(anonymous_4)
FN:61,(anonymous_5)
FN:66,(anonymous_6)
FN:73,(anonymous_7)
FN:76,(anonymous_8)
FN:82,(anonymous_9)
FN:92,(anonymous_10)
FN:95,(anonymous_11)
FN:111,(anonymous_12)
FN:114,(anonymous_13)
FNF:14
FNH:12
FNDA:8,(anonymous_0)
FNDA:5,(anonymous_1)
FNDA:5,(anonymous_2)
FNDA:0,(anonymous_3)
FNDA:5,(anonymous_4)
FNDA:6,(anonymous_5)
FNDA:0,(anonymous_6)
FNDA:2,(anonymous_7)
FNDA:6,(anonymous_8)
FNDA:6,(anonymous_9)
FNDA:1,(anonymous_10)
FNDA:1,(anonymous_11)
FNDA:12,(anonymous_12)
FNDA:2,(anonymous_13)
DA:24,2
DA:26,8
DA:27,8
DA:28,8
DA:29,7
DA:31,7
DA:32,0
DA:34,7
DA:36,7
DA:39,7
DA:43,7
DA:46,7
DA:48,7
DA:49,5
DA:51,5
DA:53,0
DA:56,5
DA:57,5
DA:59,5
DA:60,5
DA:61,5
DA:62,6
DA:63,3
DA:67,0
DA:73,7
DA:74,2
DA:75,2
DA:76,2
DA:77,6
DA:78,6
DA:81,2
DA:82,2
DA:83,6
DA:88,2
DA:93,1
DA:94,1
DA:96,1
DA:100,7
DA:112,12
DA:114,2
LF:40
LH:37
BRDA:31,0,0,0
BRDA:31,0,1,7
BRDA:56,1,0,5
BRDA:56,1,1,0
BRDA:62,2,0,3
BRDA:62,2,1,3
BRDA:77,3,0,6
BRDA:77,3,1,0
BRDA:104,4,0,0
BRDA:104,4,1,7
BRF:10
BRH:6
end_of_record
TN:
SF:src\pages\Profile.tsx
FN:18,(anonymous_0)
FN:44,getUserInfo
FN:46,(anonymous_2)
FN:56,(anonymous_3)
FN:65,getUserProcessInfo
FN:68,(anonymous_5)
FN:70,(anonymous_6)
FN:79,(anonymous_7)
FN:138,(anonymous_8)
FN:143,(anonymous_9)
FNF:10
FNH:10
FNDA:9,(anonymous_0)
FNDA:5,getUserInfo
FNDA:4,(anonymous_2)
FNDA:2,(anonymous_3)
FNDA:5,getUserProcessInfo
FNDA:4,(anonymous_5)
FNDA:2,(anonymous_6)
FNDA:5,(anonymous_7)
FNDA:7,(anonymous_8)
FNDA:1,(anonymous_9)
DA:16,2
DA:18,2
DA:20,9
DA:22,9
DA:25,9
DA:26,8
DA:27,8
DA:28,8
DA:29,8
DA:30,8
DA:31,8
DA:32,8
DA:33,8
DA:34,8
DA:36,8
DA:39,8
DA:42,8
DA:45,5
DA:46,5
DA:47,4
DA:48,2
DA:49,2
DA:50,2
DA:51,2
DA:52,2
DA:53,2
DA:54,2
DA:55,2
DA:57,2
DA:60,1
DA:62,5
DA:66,5
DA:67,5
DA:69,4
DA:71,2
DA:74,1
DA:76,5
DA:79,8
DA:80,5
DA:81,1
DA:83,5
DA:84,5
DA:87,8
DA:139,7
DA:140,7
DA:141,7
DA:143,1
LF:47
LH:47
BRDA:80,0,0,1
BRDA:80,0,1,4
BRDA:91,1,0,5
BRDA:91,1,1,3
BRDA:93,2,0,0
BRDA:93,2,1,8
BRDA:97,3,0,0
BRDA:97,3,1,8
BRDA:98,4,0,0
BRDA:98,4,1,8
BRDA:100,5,0,0
BRDA:100,5,1,8
BRDA:101,6,0,0
BRDA:101,6,1,8
BRDA:107,7,0,0
BRDA:107,7,1,8
BRDA:112,8,0,0
BRDA:112,8,1,8
BRDA:117,9,0,0
BRDA:117,9,1,8
BRDA:122,10,0,0
BRDA:122,10,1,8
BRDA:127,11,0,0
BRDA:127,11,1,8
BRDA:135,12,0,0
BRDA:135,12,1,8
BRDA:135,13,0,8
BRDA:135,13,1,7
BRDA:142,14,0,1
BRDA:142,14,1,6
BRF:30
BRH:19
end_of_record
TN:
SF:src\pages\Register.tsx
FN:15,RegisterPage
FN:28,handleSubmit
FN:35,(anonymous_2)
FN:55,(anonymous_3)
FN:61,handleConfirmPasswordChange
FN:72,googleConnect
FN:74,(anonymous_6)
FN:76,(anonymous_7)
FN:81,facebookConnect
FN:83,(anonymous_9)
FN:85,(anonymous_10)
FN:90,(anonymous_11)
FN:105,(anonymous_12)
FN:109,(anonymous_13)
FN:113,(anonymous_14)
FN:121,(anonymous_15)
FNF:16
FNH:16
FNDA:22,RegisterPage
FNDA:2,handleSubmit
FNDA:1,(anonymous_2)
FNDA:1,(anonymous_3)
FNDA:3,handleConfirmPasswordChange
FNDA:2,googleConnect
FNDA:1,(anonymous_6)
FNDA:1,(anonymous_7)
FNDA:2,facebookConnect
FNDA:1,(anonymous_9)
FNDA:1,(anonymous_10)
FNDA:22,(anonymous_11)
FNDA:3,(anonymous_12)
FNDA:3,(anonymous_13)
FNDA:3,(anonymous_14)
FNDA:2,(anonymous_15)
DA:17,22
DA:19,22
DA:20,22
DA:21,22
DA:22,22
DA:23,22
DA:25,22
DA:26,22
DA:29,2
DA:49,1
DA:54,1
DA:56,1
DA:57,1
DA:62,3
DA:63,3
DA:65,3
DA:66,1
DA:68,2
DA:73,2
DA:75,1
DA:77,1
DA:82,2
DA:84,1
DA:86,1
DA:90,22
DA:91,22
DA:92,1
DA:96,22
DA:105,3
DA:109,3
DA:113,3
DA:121,2
LF:32
LH:32
BRDA:65,0,0,1
BRDA:65,0,1,2
BRDA:91,1,0,1
BRDA:91,1,1,21
BRDA:121,2,0,20
BRDA:121,2,1,2
BRF:6
BRH:6
end_of_record
TN:
SF:src\pages\ResetPassword.tsx
FN:9,ResetPasswordPage
FN:20,handleSubmit
FN:23,(anonymous_2)
FN:26,(anonymous_3)
FN:32,handleinputFilled
FN:40,(anonymous_5)
FN:44,errorSubmit
FN:64,(anonymous_7)
FN:67,(anonymous_8)
FN:77,(anonymous_9)
FN:80,(anonymous_10)
FNF:11
FNH:3
FNDA:1,ResetPasswordPage
FNDA:0,handleSubmit
FNDA:0,(anonymous_2)
FNDA:0,(anonymous_3)
FNDA:1,handleinputFilled
FNDA:1,(anonymous_5)
FNDA:0,errorSubmit
FNDA:0,(anonymous_7)
FNDA:0,(anonymous_8)
FNDA:0,(anonymous_9)
FNDA:0,(anonymous_10)
DA:11,1
DA:12,1
DA:13,1
DA:14,1
DA:15,1
DA:16,1
DA:17,1
DA:18,1
DA:21,0
DA:24,0
DA:25,0
DA:27,0
DA:28,0
DA:33,1
DA:34,0
DA:36,1
DA:40,1
DA:41,1
DA:45,0
DA:49,1
DA:64,0
DA:67,0
DA:77,0
DA:80,0
LF:24
LH:13
BRDA:33,0,0,0
BRDA:33,0,1,1
BRDA:33,1,0,1
BRDA:33,1,1,0
BRDA:60,2,0,0
BRDA:60,2,1,1
BRDA:62,3,0,1
BRDA:62,3,1,0
BRDA:68,4,0,0
BRDA:68,4,1,1
BRDA:73,5,0,0
BRDA:73,5,1,1
BRDA:75,6,0,1
BRDA:75,6,1,0
BRDA:81,7,0,0
BRDA:81,7,1,1
BRDA:84,8,0,1
BRDA:84,8,1,0
BRDA:84,9,0,1
BRDA:84,9,1,0
BRF:20
BRH:10
end_of_record
TN:
SF:src\pages\Settings.tsx
FN:23,(anonymous_0)
FN:65,(anonymous_1)
FN:67,(anonymous_2)
FN:74,(anonymous_3)
FN:77,(anonymous_4)
FN:88,(anonymous_5)
FN:95,(anonymous_6)
FN:99,(anonymous_7)
FN:117,(anonymous_8)
FN:129,(anonymous_9)
FN:156,(anonymous_10)
FN:168,(anonymous_11)
FN:171,(anonymous_12)
FN:188,(anonymous_13)
FN:191,(anonymous_14)
FN:196,(anonymous_15)
FN:209,(anonymous_16)
FN:213,(anonymous_17)
FN:217,(anonymous_18)
FN:240,(anonymous_19)
FN:249,(anonymous_20)
FN:258,(anonymous_21)
FN:277,(anonymous_22)
FN:287,(anonymous_23)
FN:302,(anonymous_24)
FN:317,(anonymous_25)
FN:332,(anonymous_26)
FN:366,(anonymous_27)
FN:383,(anonymous_28)
FN:399,(anonymous_29)
FN:414,(anonymous_30)
FN:430,(anonymous_31)
FN:446,(anonymous_32)
FN:463,(anonymous_33)
FN:483,(anonymous_34)
FN:503,(anonymous_35)
FN:521,(anonymous_36)
FN:542,(anonymous_37)
FN:545,(anonymous_38)
FN:548,(anonymous_39)
FN:551,(anonymous_40)
FN:554,(anonymous_41)
FN:557,(anonymous_42)
FN:562,(anonymous_43)
FN:576,getVariableToChange
FNF:45
FNH:38
FNDA:94,(anonymous_0)
FNDA:1,(anonymous_1)
FNDA:1,(anonymous_2)
FNDA:19,(anonymous_3)
FNDA:14,(anonymous_4)
FNDA:18,(anonymous_5)
FNDA:6,(anonymous_6)
FNDA:48,(anonymous_7)
FNDA:1,(anonymous_8)
FNDA:5,(anonymous_9)
FNDA:1,(anonymous_10)
FNDA:1,(anonymous_11)
FNDA:0,(anonymous_12)
FNDA:4,(anonymous_13)
FNDA:1,(anonymous_14)
FNDA:3,(anonymous_15)
FNDA:4,(anonymous_16)
FNDA:1,(anonymous_17)
FNDA:3,(anonymous_18)
FNDA:5,(anonymous_19)
FNDA:1,(anonymous_20)
FNDA:5,(anonymous_21)
FNDA:4,(anonymous_22)
FNDA:6,(anonymous_23)
FNDA:6,(anonymous_24)
FNDA:6,(anonymous_25)
FNDA:6,(anonymous_26)
FNDA:6,(anonymous_27)
FNDA:6,(anonymous_28)
FNDA:6,(anonymous_29)
FNDA:6,(anonymous_30)
FNDA:6,(anonymous_31)
FNDA:1,(anonymous_32)
FNDA:1,(anonymous_33)
FNDA:1,(anonymous_34)
FNDA:6,(anonymous_35)
FNDA:1,(anonymous_36)
FNDA:4,(anonymous_37)
FNDA:0,(anonymous_38)
FNDA:0,(anonymous_39)
FNDA:0,(anonymous_40)
FNDA:0,(anonymous_41)
FNDA:0,(anonymous_42)
FNDA:0,(anonymous_43)
FNDA:10,getVariableToChange
DA:21,2
DA:23,2
DA:24,94
DA:25,1
DA:28,94
DA:30,94
DA:33,94
DA:34,93
DA:35,93
DA:36,93
DA:37,93
DA:38,93
DA:39,93
DA:40,93
DA:41,93
DA:42,93
DA:43,93
DA:46,93
DA:47,93
DA:48,93
DA:49,93
DA:50,93
DA:51,93
DA:52,93
DA:53,93
DA:58,93
DA:61,93
DA:64,93
DA:65,93
DA:66,93
DA:67,93
DA:70,93
DA:71,93
DA:72,93
DA:74,93
DA:75,19
DA:76,18
DA:78,14
DA:79,14
DA:80,0
DA:81,0
DA:82,0
DA:83,0
DA:84,0
DA:85,0
DA:86,0
DA:87,0
DA:89,18
DA:95,93
DA:96,6
DA:97,6
DA:99,6
DA:100,48
DA:101,42
DA:102,42
DA:106,6
DA:107,6
DA:108,6
DA:109,6
DA:110,6
DA:111,6
DA:112,6
DA:113,6
DA:115,6
DA:116,6
DA:118,1
DA:119,1
DA:120,1
DA:121,1
DA:122,1
DA:123,1
DA:124,1
DA:125,1
DA:126,1
DA:127,1
DA:130,5
DA:131,5
DA:132,5
DA:133,5
DA:135,2
DA:136,2
DA:138,1
DA:139,1
DA:141,1
DA:142,1
DA:144,1
DA:145,1
DA:147,0
DA:152,0
DA:156,93
DA:157,1
DA:158,1
DA:159,1
DA:160,1
DA:161,1
DA:162,0
DA:164,1
DA:165,1
DA:169,1
DA:170,1
DA:172,0
DA:173,0
DA:174,0
DA:175,0
DA:176,0
DA:177,0
DA:178,0
DA:182,0
DA:188,93
DA:189,4
DA:192,1
DA:193,1
DA:194,1
DA:195,1
DA:197,3
DA:198,3
DA:199,1
DA:200,2
DA:201,1
DA:202,1
DA:203,1
DA:206,4
DA:209,93
DA:210,4
DA:214,1
DA:215,1
DA:216,1
DA:218,3
DA:219,3
DA:220,1
DA:221,2
DA:222,1
DA:223,1
DA:224,1
DA:227,4
DA:230,93
DA:240,5
DA:249,1
DA:258,5
DA:277,4
DA:287,6
DA:302,6
DA:317,6
DA:332,6
DA:366,6
DA:383,6
DA:399,6
DA:414,6
DA:430,6
DA:446,1
DA:463,1
DA:483,1
DA:503,6
DA:521,1
DA:542,4
DA:545,0
DA:548,0
DA:551,0
DA:554,0
DA:557,0
DA:562,0
DA:577,10
DA:579,1
DA:581,1
DA:583,1
DA:585,1
DA:587,1
DA:589,1
DA:591,1
DA:593,1
DA:595,1
DA:597,1
LF:172
LH:147
BRDA:24,0,0,1
BRDA:24,0,1,93
BRDA:75,1,0,18
BRDA:75,1,1,1
BRDA:100,2,0,42
BRDA:100,2,1,6
BRDA:100,3,0,48
BRDA:100,3,1,42
BRDA:115,4,0,6
BRDA:115,4,1,0
BRDA:120,5,0,1
BRDA:120,5,1,0
BRDA:121,6,0,1
BRDA:121,6,1,0
BRDA:122,7,0,1
BRDA:122,7,1,0
BRDA:123,8,0,0
BRDA:123,8,1,1
BRDA:124,9,0,1
BRDA:124,9,1,0
BRDA:125,10,0,1
BRDA:125,10,1,0
BRDA:126,11,0,1
BRDA:126,11,1,0
BRDA:127,12,0,1
BRDA:127,12,1,0
BRDA:131,13,0,5
BRDA:131,13,1,0
BRDA:131,14,0,5
BRDA:131,14,1,5
BRDA:133,15,0,2
BRDA:133,15,1,1
BRDA:133,15,2,1
BRDA:133,15,3,1
BRDA:133,15,4,0
BRDA:161,16,0,0
BRDA:161,16,1,1
BRDA:161,17,0,1
BRDA:161,17,1,1
BRDA:161,17,2,1
BRDA:164,18,0,1
BRDA:164,18,1,0
BRDA:164,19,0,1
BRDA:164,19,1,1
BRDA:173,20,0,0
BRDA:173,20,1,0
BRDA:175,21,0,0
BRDA:175,21,1,0
BRDA:177,22,0,0
BRDA:177,22,1,0
BRDA:198,23,0,1
BRDA:198,23,1,2
BRDA:200,24,0,1
BRDA:200,24,1,1
BRDA:202,25,0,1
BRDA:202,25,1,0
BRDA:219,26,0,1
BRDA:219,26,1,2
BRDA:221,27,0,1
BRDA:221,27,1,1
BRDA:223,28,0,1
BRDA:223,28,1,0
BRDA:233,29,0,0
BRDA:233,29,1,93
BRDA:267,30,0,93
BRDA:267,30,1,75
BRDA:273,31,0,0
BRDA:273,31,1,75
BRDA:293,32,0,0
BRDA:293,32,1,75
BRDA:308,33,0,0
BRDA:308,33,1,75
BRDA:323,34,0,0
BRDA:323,34,1,75
BRDA:333,35,0,0
BRDA:333,35,1,75
BRDA:333,36,0,75
BRDA:333,36,1,0
BRDA:374,37,0,0
BRDA:374,37,1,75
BRDA:390,38,0,0
BRDA:390,38,1,75
BRDA:405,39,0,0
BRDA:405,39,1,75
BRDA:420,40,0,0
BRDA:420,40,1,75
BRDA:439,41,0,93
BRDA:439,41,1,3
BRDA:448,42,0,0
BRDA:448,42,1,3
BRDA:454,43,0,0
BRDA:454,43,1,3
BRDA:465,44,0,0
BRDA:465,44,1,3
BRDA:471,45,0,0
BRDA:471,45,1,3
BRDA:492,46,0,93
BRDA:492,46,1,15
BRDA:512,47,0,93
BRDA:512,47,1,5
BRDA:533,48,0,93
BRDA:533,48,1,4
BRDA:577,49,0,1
BRDA:577,49,1,1
BRDA:577,49,2,1
BRDA:577,49,3,1
BRDA:577,49,4,1
BRDA:577,49,5,1
BRDA:577,49,6,1
BRDA:577,49,7,1
BRDA:577,49,8,1
BRDA:577,49,9,1
BRF:112
BRH:76
end_of_record
TN:
SF:src\pages\Translation.tsx
FN:1130,getTranslation
FNF:1
FNH:1
FNDA:186,getTranslation
DA:15,12
DA:1131,186
DA:1132,186
LF:3
LH:3
BRDA:1131,0,0,186
BRDA:1131,0,1,183
BRF:2
BRH:2
end_of_record
TN:
SF:src\pages\VerifyEmail.tsx
FN:11,VerifyEmailPage
FN:18,(anonymous_1)
FN:20,(anonymous_2)
FN:26,(anonymous_3)
FNF:4
FNH:4
FNDA:3,VerifyEmailPage
FNDA:3,(anonymous_1)
FNDA:2,(anonymous_2)
FNDA:1,(anonymous_3)
DA:13,3
DA:14,3
DA:15,3
DA:16,3
DA:18,3
DA:19,3
DA:21,2
DA:27,1
DA:31,3
LF:9
LH:9
BRF:0
BRH:0
end_of_record
TN:
SF:src\pages\Welcome.tsx
FN:11,WelcomePage
FN:15,redirectToHome
FN:21,(anonymous_2)
FNF:3
FNH:3
FNDA:11,WelcomePage
FNDA:11,redirectToHome
FNDA:11,(anonymous_2)
DA:12,11
DA:13,11
DA:16,11
DA:17,2
DA:21,11
DA:22,11
DA:25,11
LF:7
LH:7
BRDA:16,0,0,2
BRDA:16,0,1,9
BRF:2
BRH:2
end_of_record
TN:
SF:src\pages\QuizPages\Quiz.tsx
FN:22,(anonymous_0)
FN:47,(anonymous_1)
FN:49,(anonymous_2)
FN:51,(anonymous_3)
FN:56,(anonymous_4)
FN:68,(anonymous_5)
FN:73,(anonymous_6)
FN:91,(anonymous_7)
FN:98,(anonymous_8)
FNF:9
FNH:7
FNDA:7,(anonymous_0)
FNDA:6,(anonymous_1)
FNDA:6,(anonymous_2)
FNDA:0,(anonymous_3)
FNDA:6,(anonymous_4)
FNDA:0,(anonymous_5)
FNDA:1,(anonymous_6)
FNDA:6,(anonymous_7)
FNDA:1,(anonymous_8)
DA:22,2
DA:24,7
DA:26,7
DA:27,7
DA:28,0
DA:31,7
DA:33,7
DA:37,6
DA:41,6
DA:44,6
DA:47,6
DA:48,6
DA:50,6
DA:52,0
DA:55,6
DA:57,6
DA:58,6
DA:59,6
DA:61,6
DA:67,6
DA:69,0
DA:73,6
DA:74,1
DA:75,1
DA:76,1
DA:77,1
DA:81,6
DA:92,6
DA:98,1
LF:29
LH:26
BRDA:27,0,0,0
BRDA:27,0,1,7
BRDA:75,1,0,1
BRDA:75,1,1,0
BRDA:85,2,0,0
BRDA:85,2,1,6
BRF:6
BRH:3
end_of_record
TN:
SF:src\pages\QuizPages\QuizQuestion.tsx
FN:19,(anonymous_0)
FN:47,(anonymous_1)
FN:49,(anonymous_2)
FN:52,(anonymous_3)
FN:57,(anonymous_4)
FN:63,(anonymous_5)
FN:68,(anonymous_6)
FN:70,(anonymous_7)
FN:74,(anonymous_8)
FN:79,handleClick
FN:105,(anonymous_10)
FN:108,(anonymous_11)
FN:113,(anonymous_12)
FN:116,(anonymous_13)
FN:132,(anonymous_14)
FN:133,(anonymous_15)
FNF:16
FNH:12
FNDA:7,(anonymous_0)
FNDA:6,(anonymous_1)
FNDA:6,(anonymous_2)
FNDA:0,(anonymous_3)
FNDA:6,(anonymous_4)
FNDA:6,(anonymous_5)
FNDA:6,(anonymous_6)
FNDA:0,(anonymous_7)
FNDA:6,(anonymous_8)
FNDA:5,handleClick
FNDA:3,(anonymous_10)
FNDA:2,(anonymous_11)
FNDA:0,(anonymous_12)
FNDA:0,(anonymous_13)
FNDA:2,(anonymous_14)
FNDA:3,(anonymous_15)
DA:19,2
DA:21,7
DA:23,7
DA:24,7
DA:25,0
DA:28,7
DA:29,6
DA:30,6
DA:31,6
DA:32,6
DA:33,6
DA:34,6
DA:35,6
DA:36,6
DA:39,6
DA:42,6
DA:45,6
DA:47,6
DA:48,6
DA:50,6
DA:51,6
DA:53,0
DA:56,6
DA:58,6
DA:59,6
DA:60,6
DA:61,0
DA:62,0
DA:64,6
DA:67,6
DA:69,6
DA:70,6
DA:71,0
DA:72,0
DA:75,6
DA:80,5
DA:81,5
DA:83,0
DA:84,0
DA:86,0
DA:89,5
DA:90,5
DA:91,5
DA:93,5
DA:94,10
DA:95,10
DA:96,3
DA:98,7
DA:101,5
DA:102,5
DA:104,5
DA:106,3
DA:107,3
DA:109,2
DA:112,0
DA:114,0
DA:115,0
DA:117,0
DA:123,6
DA:132,2
DA:133,3
LF:61
LH:48
BRDA:24,0,0,0
BRDA:24,0,1,7
BRDA:71,1,0,0
BRDA:71,1,1,0
BRDA:81,2,0,0
BRDA:81,2,1,5
BRDA:83,3,0,0
BRDA:83,3,1,0
BRDA:95,4,0,3
BRDA:95,4,1,7
BRDA:102,5,0,5
BRDA:102,5,1,0
BRDA:127,6,0,0
BRDA:127,6,1,6
BRF:14
BRH:6
end_of_record
